#
# There is insufficient memory for the Java Runtime Environment to continue.
# Native memory allocation (mmap) failed to map 298319872 bytes for committing reserved memory.
# Possible reasons:
#   The system is out of physical RAM or swap space
#   In 32 bit mode, the process size limit was hit
# Possible solutions:
#   Reduce memory load on the system
#   Increase physical memory or swap space
#   Check if swap backing store is full
#   Use 64 bit Java on a 64 bit OS
#   Decrease Java heap size (-Xmx/-Xms)
#   Decrease number of Java threads
#   Decrease Java thread stack sizes (-Xss)
#   Set larger code cache with -XX:ReservedCodeCacheSize=
# This output file may be truncated or incomplete.
#
#  Out of Memory Error (os_linux.cpp:2627), pid=31437, tid=0x00007f3368e58700
#
# JRE version: OpenJDK Runtime Environment (8.0_76-b03) (build 1.8.0_76-release-b03)
# Java VM: OpenJDK 64-Bit Server VM (25.76-b03 mixed mode linux-amd64 compressed oops)
# Core dump written. Default location: /home/jairus/AndroidStudioProjects/TeacherAICA/app/core or core.31437
#

---------------  T H R E A D  ---------------

Current thread (0x00007f337c077800):  VMThread [stack: 0x00007f3368d58000,0x00007f3368e59000] [id=31447]

Stack: [0x00007f3368d58000,0x00007f3368e59000],  sp=0x00007f3368e574d0,  free space=1021k
Native frames: (J=compiled Java code, j=interpreted, Vv=VM code, C=native code)
V  [libjvm.so+0x9d9fcd]  VMError::report_and_die()+0x15d
V  [libjvm.so+0x4b4d4a]  report_vm_out_of_memory(char const*, int, unsigned long, VMErrorType, char const*)+0x8a
V  [libjvm.so+0x845190]  os::pd_commit_memory(char*, unsigned long, unsigned long, bool)+0xf0
V  [libjvm.so+0x83fcbf]  os::commit_memory(char*, unsigned long, unsigned long, bool)+0x1f
V  [libjvm.so+0x8b4d9b]  PSVirtualSpace::expand_by(unsigned long)+0x5b
V  [libjvm.so+0x8a5b7b]  PSOldGen::expand_by(unsigned long) [clone .part.109]+0x1b
V  [libjvm.so+0x8a5d3b]  PSOldGen::expand(unsigned long) [clone .part.111]+0xdb
V  [libjvm.so+0x8a6618]  PSOldGen::resize(unsigned long)+0x188
V  [libjvm.so+0x8abc2c]  PSParallelCompact::invoke_no_policy(bool)+0x97c
V  [libjvm.so+0x8b2d3d]  PSScavenge::invoke()+0x17d
V  [libjvm.so+0x8681f3]  ParallelScavengeHeap::failed_mem_allocate(unsigned long)+0x63
V  [libjvm.so+0x9dba94]  VM_ParallelGCFailedAllocation::doit()+0x84
V  [libjvm.so+0x9dfe47]  VM_Operation::evaluate()+0x47
V  [libjvm.so+0x9de908]  VMThread::evaluate_operation(VM_Operation*)+0x2c8
V  [libjvm.so+0x9ded89]  VMThread::loop()+0x219
V  [libjvm.so+0x9df1d2]  VMThread::run()+0x72
V  [libjvm.so+0x8425b2]  java_start(Thread*)+0xf2

VM_Operation (0x00007f336811b110): ParallelGCFailedAllocation, mode: safepoint, requested by thread 0x00007f337c18e800


---------------  P R O C E S S  ---------------

Java Threads: ( => current thread )
  0x00007f337c191800 JavaThread "pool-2-thread-4" [_thread_blocked, id=31460, stack(0x00007f3363dfe000,0x00007f3363eff000)]
  0x00007f337c190000 JavaThread "pool-2-thread-3" [_thread_blocked, id=31459, stack(0x00007f3363eff000,0x00007f3364000000)]
  0x00007f337c18e800 JavaThread "pool-2-thread-2" [_thread_blocked, id=31458, stack(0x00007f336801c000,0x00007f336811d000)]
  0x00007f337c18c800 JavaThread "pool-3-thread-1" [_thread_blocked, id=31457, stack(0x00007f336811d000,0x00007f336821e000)]
  0x00007f337c18b800 JavaThread "pool-2-thread-1" [_thread_blocked, id=31456, stack(0x00007f336821e000,0x00007f336831f000)]
  0x00007f337c0bf800 JavaThread "Service Thread" daemon [_thread_blocked, id=31454, stack(0x00007f33684b9000,0x00007f33685ba000)]
  0x00007f337c0bc800 JavaThread "C1 CompilerThread2" daemon [_thread_blocked, id=31453, stack(0x00007f33685ba000,0x00007f33686bb000)]
  0x00007f337c0ba800 JavaThread "C2 CompilerThread1" daemon [_thread_blocked, id=31452, stack(0x00007f33686bb000,0x00007f33687bc000)]
  0x00007f337c0b7800 JavaThread "C2 CompilerThread0" daemon [_thread_blocked, id=31451, stack(0x00007f33687bc000,0x00007f33688bd000)]
  0x00007f337c0b6800 JavaThread "Signal Dispatcher" daemon [_thread_blocked, id=31450, stack(0x00007f33688bd000,0x00007f33689be000)]
  0x00007f337c083800 JavaThread "Finalizer" daemon [_thread_blocked, id=31449, stack(0x00007f3368b56000,0x00007f3368c57000)]
  0x00007f337c07f000 JavaThread "Reference Handler" daemon [_thread_blocked, id=31448, stack(0x00007f3368c57000,0x00007f3368d58000)]
  0x00007f337c00a000 JavaThread "main" [_thread_blocked, id=31442, stack(0x00007f3381d9f000,0x00007f3381ea0000)]

Other Threads:
=>0x00007f337c077800 VMThread [stack: 0x00007f3368d58000,0x00007f3368e59000] [id=31447]
  0x00007f337c0c2000 WatcherThread [stack: 0x00007f33683b8000,0x00007f33684b9000] [id=31455]

VM state:at safepoint (normal execution)

VM Mutex/Monitor currently owned by a thread:  ([mutex/lock_event])
[0x00007f337c005f20] ExpandHeap_lock - owner thread: 0x00007f337c077800
[0x00007f337c0065a0] Threads_lock - owner thread: 0x00007f337c077800
[0x00007f337c006aa0] Heap_lock - owner thread: 0x00007f337c18e800

Heap:
 PSYoungGen      total 851968K, used 24085K [0x0000000780000000, 0x00000007c0000000, 0x00000007c0000000)
  eden space 655360K, 0% used [0x0000000780000000,0x0000000780000000,0x00000007a8000000)
  from space 196608K, 12% used [0x00000007a8000000,0x00000007a9785690,0x00000007b4000000)
  to   space 196608K, 0% used [0x00000007b4000000,0x00000007b4000000,0x00000007c0000000)
 ParOldGen       total 872448K, used 872097K [0x0000000700000000, 0x0000000735400000, 0x0000000780000000)
  object space 872448K, 99% used [0x0000000700000000,0x00000007353a8748,0x0000000735400000)
 Metaspace       used 6407K, capacity 7280K, committed 7552K, reserved 1056768K
  class space    used 583K, capacity 616K, committed 640K, reserved 1048576K

Card table byte_map: [0x00007f336b59c000,0x00007f336bb9d000] byte_map_base: 0x00007f3367d9c000

Marking Bits: (ParMarkBitMap*) 0x00007f33812c11a0
 Begin Bits: [0x00007f3346000000, 0x00007f3349000000)
 End Bits:   [0x00007f3349000000, 0x00007f334c000000)

Polling page: 0x00007f3381ee3000

CodeCache: size=245760Kb used=12644Kb max_used=12656Kb free=233115Kb
 bounds [0x00007f336bf5d000, 0x00007f336cc2d000, 0x00007f337af5d000]
 total_blobs=2658 nmethods=2396 adapters=176
 compilation: enabled

Compilation events (10 events):
Event: 71.353 Thread 0x00007f337c0ba800 3011       4       com.android.dx.dex.code.RopToDop::dopFor (792 bytes)
Event: 71.375 Thread 0x00007f337c0b7800 nmethod 3012 0x00007f336c891510 code [0x00007f336c8916c0, 0x00007f336c891e78]
Event: 71.375 Thread 0x00007f337c0b7800 3001       4       com.android.dx.rop.type.Type::getFrameType (5 bytes)
Event: 71.376 Thread 0x00007f337c0b7800 nmethod 3001 0x00007f336c327050 code [0x00007f336c3271a0, 0x00007f336c327238]
Event: 71.376 Thread 0x00007f337c0b7800 3008       4       com.android.dx.rop.code.BasicBlockList$RegCountVisitor::visitThrowingCstInsn (6 bytes)
Event: 71.386 Thread 0x00007f337c0b7800 nmethod 3008 0x00007f336c5d8d10 code [0x00007f336c5d8ea0, 0x00007f336c5d91b8]
Event: 71.386 Thread 0x00007f337c0b7800 3003       4       com.android.dx.rop.cst.CstLiteral32::equals (35 bytes)
Event: 71.387 Thread 0x00007f337c0b7800 nmethod 3003 0x00007f336c5f2c10 code [0x00007f336c5f2d60, 0x00007f336c5f2e38]
Event: 71.387 Thread 0x00007f337c0b7800 3015       4       com.android.dx.rop.cst.CstLiteral64::equals (36 bytes)
Event: 71.389 Thread 0x00007f337c0b7800 nmethod 3015 0x00007f336c64f4d0 code [0x00007f336c64f620, 0x00007f336c64f6d8]

GC Heap History (10 events):
Event: 50.710 GC heap after
Heap after GC invocations=22 (full 4):
 PSYoungGen      total 865280K, used 83411K [0x0000000780000000, 0x00000007bd580000, 0x00000007c0000000)
  eden space 735744K, 0% used [0x0000000780000000,0x0000000780000000,0x00000007ace80000)
  from space 129536K, 64% used [0x00000007b5080000,0x00000007ba1f4c48,0x00000007bcf00000)
  to   space 133120K, 0% used [0x00000007ace80000,0x00000007ace80000,0x00000007b5080000)
 ParOldGen       total 626176K, used 530503K [0x0000000700000000, 0x0000000726380000, 0x0000000780000000)
  object space 626176K, 84% used [0x0000000700000000,0x0000000720611c98,0x0000000726380000)
 Metaspace       used 6404K, capacity 7280K, committed 7552K, reserved 1056768K
  class space    used 583K, capacity 616K, committed 640K, reserved 1048576K
}
Event: 54.865 GC heap before
{Heap before GC invocations=23 (full 4):
 PSYoungGen      total 865280K, used 819155K [0x0000000780000000, 0x00000007bd580000, 0x00000007c0000000)
  eden space 735744K, 100% used [0x0000000780000000,0x00000007ace80000,0x00000007ace80000)
  from space 129536K, 64% used [0x00000007b5080000,0x00000007ba1f4c48,0x00000007bcf00000)
  to   space 133120K, 0% used [0x00000007ace80000,0x00000007ace80000,0x00000007b5080000)
 ParOldGen       total 626176K, used 530544K [0x0000000700000000, 0x0000000726380000, 0x0000000780000000)
  object space 626176K, 84% used [0x0000000700000000,0x000000072061c180,0x0000000726380000)
 Metaspace       used 6405K, capacity 7280K, committed 7552K, reserved 1056768K
  class space    used 583K, capacity 616K, committed 640K, reserved 1048576K
Event: 55.634 GC heap after
Heap after GC invocations=23 (full 4):
 PSYoungGen      total 868864K, used 108236K [0x0000000780000000, 0x00000007c0000000, 0x00000007c0000000)
  eden space 735744K, 0% used [0x0000000780000000,0x0000000780000000,0x00000007ace80000)
  from space 133120K, 81% used [0x00000007ace80000,0x00000007b3833188,0x00000007b5080000)
  to   space 144384K, 0% used [0x00000007b7300000,0x00000007b7300000,0x00000007c0000000)
 ParOldGen       total 626176K, used 612020K [0x0000000700000000, 0x0000000726380000, 0x0000000780000000)
  object space 626176K, 97% used [0x0000000700000000,0x00000007255ad198,0x0000000726380000)
 Metaspace       used 6405K, capacity 7280K, committed 7552K, reserved 1056768K
  class space    used 583K, capacity 616K, committed 640K, reserved 1048576K
}
Event: 55.803 GC heap before
{Heap before GC invocations=24 (full 5):
 PSYoungGen      total 868864K, used 108236K [0x0000000780000000, 0x00000007c0000000, 0x00000007c0000000)
  eden space 735744K, 0% used [0x0000000780000000,0x0000000780000000,0x00000007ace80000)
  from space 133120K, 81% used [0x00000007ace80000,0x00000007b3833188,0x00000007b5080000)
  to   space 144384K, 0% used [0x00000007b7300000,0x00000007b7300000,0x00000007c0000000)
 ParOldGen       total 626176K, used 612020K [0x0000000700000000, 0x0000000726380000, 0x0000000780000000)
  object space 626176K, 97% used [0x0000000700000000,0x00000007255ad198,0x0000000726380000)
 Metaspace       used 6405K, capacity 7280K, committed 7552K, reserved 1056768K
  class space    used 583K, capacity 616K, committed 640K, reserved 1048576K
Event: 62.022 GC heap after
Heap after GC invocations=24 (full 5):
 PSYoungGen      total 868864K, used 88910K [0x0000000780000000, 0x00000007c0000000, 0x00000007c0000000)
  eden space 735744K, 0% used [0x0000000780000000,0x0000000780000000,0x00000007ace80000)
  from space 133120K, 66% used [0x00000007ace80000,0x00000007b2553858,0x00000007b5080000)
  to   space 144384K, 0% used [0x00000007b7300000,0x00000007b7300000,0x00000007c0000000)
 ParOldGen       total 872448K, used 625817K [0x0000000700000000, 0x0000000735400000, 0x0000000780000000)
  object space 872448K, 71% used [0x0000000700000000,0x00000007263266d0,0x0000000735400000)
 Metaspace       used 6405K, capacity 7280K, committed 7552K, reserved 1056768K
  class space    used 583K, capacity 616K, committed 640K, reserved 1048576K
}
Event: 64.419 GC heap before
{Heap before GC invocations=25 (full 5):
 PSYoungGen      total 868864K, used 824654K [0x0000000780000000, 0x00000007c0000000, 0x00000007c0000000)
  eden space 735744K, 100% used [0x0000000780000000,0x00000007ace80000,0x00000007ace80000)
  from space 133120K, 66% used [0x00000007ace80000,0x00000007b2553858,0x00000007b5080000)
  to   space 144384K, 0% used [0x00000007b7300000,0x00000007b7300000,0x00000007c0000000)
 ParOldGen       total 872448K, used 625817K [0x0000000700000000, 0x0000000735400000, 0x0000000780000000)
  object space 872448K, 71% used [0x0000000700000000,0x00000007263266d0,0x0000000735400000)
 Metaspace       used 6405K, capacity 7280K, committed 7552K, reserved 1056768K
  class space    used 583K, capacity 616K, committed 640K, reserved 1048576K
Event: 69.600 GC heap after
Heap after GC invocations=25 (full 5):
 PSYoungGen      total 799744K, used 144367K [0x0000000780000000, 0x00000007c0000000, 0x00000007c0000000)
  eden space 655360K, 0% used [0x0000000780000000,0x0000000780000000,0x00000007a8000000)
  from space 144384K, 99% used [0x00000007b7300000,0x00000007bfffbe10,0x00000007c0000000)
  to   space 196608K, 0% used [0x00000007a8000000,0x00000007a8000000,0x00000007b4000000)
 ParOldGen       total 872448K, used 707029K [0x0000000700000000, 0x0000000735400000, 0x0000000780000000)
  object space 872448K, 81% used [0x0000000700000000,0x000000072b2754b0,0x0000000735400000)
 Metaspace       used 6405K, capacity 7280K, committed 7552K, reserved 1056768K
  class space    used 583K, capacity 616K, committed 640K, reserved 1048576K
}
Event: 71.399 GC heap before
{Heap before GC invocations=26 (full 5):
 PSYoungGen      total 799744K, used 799727K [0x0000000780000000, 0x00000007c0000000, 0x00000007c0000000)
  eden space 655360K, 100% used [0x0000000780000000,0x00000007a8000000,0x00000007a8000000)
  from space 144384K, 99% used [0x00000007b7300000,0x00000007bfffbe10,0x00000007c0000000)
  to   space 196608K, 0% used [0x00000007a8000000,0x00000007a8000000,0x00000007b4000000)
 ParOldGen       total 872448K, used 707029K [0x0000000700000000, 0x0000000735400000, 0x0000000780000000)
  object space 872448K, 81% used [0x0000000700000000,0x000000072b2754b0,0x0000000735400000)
 Metaspace       used 6407K, capacity 7280K, committed 7552K, reserved 1056768K
  class space    used 583K, capacity 616K, committed 640K, reserved 1048576K
Event: 91.813 GC heap after
Heap after GC invocations=26 (full 5):
 PSYoungGen      total 851968K, used 196597K [0x0000000780000000, 0x00000007c0000000, 0x00000007c0000000)
  eden space 655360K, 0% used [0x0000000780000000,0x0000000780000000,0x00000007a8000000)
  from space 196608K, 99% used [0x00000007a8000000,0x00000007b3ffd520,0x00000007b4000000)
  to   space 196608K, 0% used [0x00000007b4000000,0x00000007b4000000,0x00000007c0000000)
 ParOldGen       total 872448K, used 807874K [0x0000000700000000, 0x0000000735400000, 0x0000000780000000)
  object space 872448K, 92% used [0x0000000700000000,0x00000007314f0ae0,0x0000000735400000)
 Metaspace       used 6407K, capacity 7280K, committed 7552K, reserved 1056768K
  class space    used 583K, capacity 616K, committed 640K, reserved 1048576K
}
Event: 91.814 GC heap before
{Heap before GC invocations=27 (full 6):
 PSYoungGen      total 851968K, used 196597K [0x0000000780000000, 0x00000007c0000000, 0x00000007c0000000)
  eden space 655360K, 0% used [0x0000000780000000,0x0000000780000000,0x00000007a8000000)
  from space 196608K, 99% used [0x00000007a8000000,0x00000007b3ffd520,0x00000007b4000000)
  to   space 196608K, 0% used [0x00000007b4000000,0x00000007b4000000,0x00000007c0000000)
 ParOldGen       total 872448K, used 807874K [0x0000000700000000, 0x0000000735400000, 0x0000000780000000)
  object space 872448K, 92% used [0x0000000700000000,0x00000007314f0ae0,0x0000000735400000)
 Metaspace       used 6407K, capacity 7280K, committed 7552K, reserved 1056768K
  class space    used 583K, capacity 616K, committed 640K, reserved 1048576K

Deoptimization events (10 events):
Event: 48.273 Thread 0x00007f337c00a000 Uncommon trap: reason=bimorphic action=maybe_recompile pc=0x00007f336cbb5a24 method=com.android.dx.cf.code.BytecodeArray.parseInstruction(ILcom/android/dx/cf/code/BytecodeArray$Visitor;)I @ 1612
Event: 48.639 Thread 0x00007f337c18b800 Uncommon trap: reason=bimorphic action=maybe_recompile pc=0x00007f336cbb5a24 method=com.android.dx.cf.code.BytecodeArray.parseInstruction(ILcom/android/dx/cf/code/BytecodeArray$Visitor;)I @ 1612
Event: 49.069 Thread 0x00007f337c18e800 Uncommon trap: reason=unstable_if action=reinterpret pc=0x00007f336c56c4d0 method=com.android.dx.cf.code.Merger.isPossiblyAssignableFrom(Lcom/android/dx/rop/type/TypeBearer;Lcom/android/dx/rop/type/TypeBearer;)Z @ 157
Event: 51.747 Thread 0x00007f337c18e800 Uncommon trap: reason=class_check action=maybe_recompile pc=0x00007f336c90916c method=com.android.dx.ssa.DomFront.calcDomFronts()V @ 101
Event: 51.753 Thread 0x00007f337c18e800 Uncommon trap: reason=class_check action=maybe_recompile pc=0x00007f336c9d1488 method=com.android.dx.ssa.SsaConverter.placePhiFunctions(Lcom/android/dx/ssa/SsaMethod;Lcom/android/dx/ssa/LocalVariableInfo;I)V @ 257
Event: 51.754 Thread 0x00007f337c18e800 Uncommon trap: reason=predicate action=maybe_recompile pc=0x00007f336c33be78 method=com.android.dx.ssa.SsaConverter.placePhiFunctions(Lcom/android/dx/ssa/SsaMethod;Lcom/android/dx/ssa/LocalVariableInfo;I)V @ 274
Event: 51.881 Thread 0x00007f337c18e800 Uncommon trap: reason=unstable_if action=reinterpret pc=0x00007f336c2a45d4 method=com.android.dx.util.BitIntSet.merge(Lcom/android/dx/util/IntSet;)V @ 60
Event: 51.881 Thread 0x00007f337c18e800 Uncommon trap: reason=unstable_if action=reinterpret pc=0x00007f336c321138 method=com.android.dx.util.BitIntSet.merge(Lcom/android/dx/util/IntSet;)V @ 60
Event: 52.252 Thread 0x00007f337c18e800 Uncommon trap: reason=class_check action=maybe_recompile pc=0x00007f336c9d1488 method=com.android.dx.ssa.SsaConverter.placePhiFunctions(Lcom/android/dx/ssa/SsaMethod;Lcom/android/dx/ssa/LocalVariableInfo;I)V @ 257
Event: 52.418 Thread 0x00007f337c00a000 Uncommon trap: reason=class_check action=maybe_recompile pc=0x00007f336ca88a98 method=com.android.dx.ssa.SsaConverter.placePhiFunctions(Lcom/android/dx/ssa/SsaMethod;Lcom/android/dx/ssa/LocalVariableInfo;I)V @ 257

Internal exceptions (10 events):
Event: 0.033 Thread 0x00007f337c00a000 Exception <a 'java/lang/NoSuchMethodError': Method sun.misc.Unsafe.defineClass(Ljava/lang/String;[BII)Ljava/lang/Class; name or signature does not match> (0x0000000780007cc0) thrown at [/ssd/Android/AOSP-openjdk/external/jetbrains/jdk/hotspot/src/share/vm
Event: 0.033 Thread 0x00007f337c00a000 Exception <a 'java/lang/NoSuchMethodError': Method sun.misc.Unsafe.prefetchRead(Ljava/lang/Object;J)V name or signature does not match> (0x0000000780007fa8) thrown at [/ssd/Android/AOSP-openjdk/external/jetbrains/jdk/hotspot/src/share/vm/prims/jni.cpp, li
Event: 1.455 Thread 0x00007f337c18e800 Implicit null exception at 0x00007f336c3d10ca to 0x00007f336c3d35b1
Event: 1.579 Thread 0x00007f337c18e800 Exception <a 'java/lang/ArrayIndexOutOfBoundsException': 18> (0x00000007808171b8) thrown at [/ssd/Android/AOSP-openjdk/external/jetbrains/jdk/hotspot/src/share/vm/interpreter/interpreterRuntime.cpp, line 366]
Event: 1.579 Thread 0x00007f337c18e800 Exception <a 'java/lang/ArrayIndexOutOfBoundsException': 145> (0x0000000780818d38) thrown at [/ssd/Android/AOSP-openjdk/external/jetbrains/jdk/hotspot/src/share/vm/interpreter/interpreterRuntime.cpp, line 366]
Event: 1.604 Thread 0x00007f337c18e800 Exception <a 'java/lang/ArrayIndexOutOfBoundsException': 40> (0x000000078081a020) thrown at [/ssd/Android/AOSP-openjdk/external/jetbrains/jdk/hotspot/src/share/vm/interpreter/interpreterRuntime.cpp, line 366]
Event: 16.066 Thread 0x00007f337c191800 Implicit null exception at 0x00007f336c90ecd6 to 0x00007f336c910d95
Event: 16.069 Thread 0x00007f337c191800 Implicit null exception at 0x00007f336c905365 to 0x00007f336c9057a5
Event: 46.565 Thread 0x00007f337c190000 Implicit null exception at 0x00007f336c31996b to 0x00007f336c319f11
Event: 47.008 Thread 0x00007f337c190000 Implicit null exception at 0x00007f336c0705af to 0x00007f336c070a41

Events (10 events):
Event: 64.275 Thread 0x00007f337c190000 DEOPT UNPACKING pc=0x00007f336bfa4373 sp=0x00007f3363ffe170 mode 0
Event: 64.283 Thread 0x00007f337c190000 DEOPT PACKING pc=0x00007f336c4e72a0 sp=0x00007f3363ffe1e0
Event: 64.283 Thread 0x00007f337c190000 DEOPT UNPACKING pc=0x00007f336bfa4373 sp=0x00007f3363ffdfc8 mode 0
Event: 64.290 Thread 0x00007f337c190000 DEOPT PACKING pc=0x00007f336c4e6775 sp=0x00007f3363ffe350
Event: 64.290 Thread 0x00007f337c190000 DEOPT UNPACKING pc=0x00007f336bfa4373 sp=0x00007f3363ffe0a8 mode 0
Event: 64.417 Executing VM operation: ParallelGCFailedAllocation
Event: 69.600 Executing VM operation: ParallelGCFailedAllocation done
Event: 69.903 Thread 0x00007f337c18b800 DEOPT PACKING pc=0x00007f336c653517 sp=0x00007f336831ced0
Event: 69.903 Thread 0x00007f337c18b800 DEOPT UNPACKING pc=0x00007f336bfa4373 sp=0x00007f336831cc08 mode 0
Event: 71.397 Executing VM operation: ParallelGCFailedAllocation


Dynamic libraries:
00400000-00401000 r-xp 00000000 08:08 1091894                            /opt/android-studio/jre/bin/java
00600000-00601000 r--p 00000000 08:08 1091894                            /opt/android-studio/jre/bin/java
00601000-00602000 rw-p 00001000 08:08 1091894                            /opt/android-studio/jre/bin/java
02238000-02259000 rw-p 00000000 00:00 0                                  [heap]
700000000-735400000 rw-p 00000000 00:00 0 
747080000-780000000 ---p 00000000 00:00 0 
780000000-7c0000000 rw-p 00000000 00:00 0 
7c0000000-7c00a0000 rw-p 00000000 00:00 0 
7c00a0000-800000000 ---p 00000000 00:00 0 
7f3310000000-7f3310045000 rw-p 00000000 00:00 0 
7f3310045000-7f3314000000 ---p 00000000 00:00 0 
7f3314000000-7f3314049000 rw-p 00000000 00:00 0 
7f3314049000-7f3318000000 ---p 00000000 00:00 0 
7f3318000000-7f3318021000 rw-p 00000000 00:00 0 
7f3318021000-7f331c000000 ---p 00000000 00:00 0 
7f331c000000-7f331c0b7000 rw-p 00000000 00:00 0 
7f331c0b7000-7f3320000000 ---p 00000000 00:00 0 
7f3320000000-7f3320021000 rw-p 00000000 00:00 0 
7f3320021000-7f3324000000 ---p 00000000 00:00 0 
7f3324000000-7f3324050000 rw-p 00000000 00:00 0 
7f3324050000-7f3328000000 ---p 00000000 00:00 0 
7f3328000000-7f3328e25000 rw-p 00000000 00:00 0 
7f3328e25000-7f332c000000 ---p 00000000 00:00 0 
7f332c000000-7f332c021000 rw-p 00000000 00:00 0 
7f332c021000-7f3330000000 ---p 00000000 00:00 0 
7f3330000000-7f3331dbb000 rw-p 00000000 00:00 0 
7f3331dbb000-7f3334000000 ---p 00000000 00:00 0 
7f3334000000-7f3335886000 rw-p 00000000 00:00 0 
7f3335886000-7f3338000000 ---p 00000000 00:00 0 
7f3338000000-7f3338021000 rw-p 00000000 00:00 0 
7f3338021000-7f333c000000 ---p 00000000 00:00 0 
7f333c000000-7f333c021000 rw-p 00000000 00:00 0 
7f333c021000-7f3340000000 ---p 00000000 00:00 0 
7f3340000000-7f3340021000 rw-p 00000000 00:00 0 
7f3340021000-7f3344000000 ---p 00000000 00:00 0 
7f3346000000-7f334c000000 rw-p 00000000 00:00 0 
7f334c000000-7f334c021000 rw-p 00000000 00:00 0 
7f334c021000-7f3350000000 ---p 00000000 00:00 0 
7f3350000000-7f3350296000 rw-p 00000000 00:00 0 
7f3350296000-7f3354000000 ---p 00000000 00:00 0 
7f3354000000-7f3354021000 rw-p 00000000 00:00 0 
7f3354021000-7f3358000000 ---p 00000000 00:00 0 
7f335c000000-7f335c021000 rw-p 00000000 00:00 0 
7f335c021000-7f3360000000 ---p 00000000 00:00 0 
7f3363dfe000-7f3363e01000 ---p 00000000 00:00 0 
7f3363e01000-7f3363eff000 rw-p 00000000 00:00 0 
7f3363eff000-7f3363f02000 ---p 00000000 00:00 0 
7f3363f02000-7f3364000000 rw-p 00000000 00:00 0 
7f3364000000-7f3364021000 rw-p 00000000 00:00 0 
7f3364021000-7f3368000000 ---p 00000000 00:00 0 
7f336801c000-7f336801f000 ---p 00000000 00:00 0 
7f336801f000-7f336811d000 rw-p 00000000 00:00 0 
7f336811d000-7f3368120000 ---p 00000000 00:00 0 
7f3368120000-7f336821e000 rw-p 00000000 00:00 0 
7f336821e000-7f3368221000 ---p 00000000 00:00 0 
7f3368221000-7f336831f000 rw-p 00000000 00:00 0 
7f336831f000-7f33683b8000 r--s 00895000 08:08 5246849                    /home/jairus/AndroidStudioProjects/TeacherAICA/app/build/intermediates/transforms/jarMerging/debug/jars/1/1f/combined.jar
7f33683b8000-7f33683b9000 ---p 00000000 00:00 0 
7f33683b9000-7f33684b9000 rw-p 00000000 00:00 0 
7f33684b9000-7f33684bc000 ---p 00000000 00:00 0 
7f33684bc000-7f33685ba000 rw-p 00000000 00:00 0 
7f33685ba000-7f33685bd000 ---p 00000000 00:00 0 
7f33685bd000-7f33686bb000 rw-p 00000000 00:00 0 
7f33686bb000-7f33686be000 ---p 00000000 00:00 0 
7f33686be000-7f33687bc000 rw-p 00000000 00:00 0 
7f33687bc000-7f33687bf000 ---p 00000000 00:00 0 
7f33687bf000-7f33688bd000 rw-p 00000000 00:00 0 
7f33688bd000-7f33688c0000 ---p 00000000 00:00 0 
7f33688c0000-7f33689be000 rw-p 00000000 00:00 0 
7f33689be000-7f3368b56000 r--p 00000000 08:08 1756744                    /usr/lib/locale/locale-archive
7f3368b56000-7f3368b59000 ---p 00000000 00:00 0 
7f3368b59000-7f3368c57000 rw-p 00000000 00:00 0 
7f3368c57000-7f3368c5a000 ---p 00000000 00:00 0 
7f3368c5a000-7f3368d58000 rw-p 00000000 00:00 0 
7f3368d58000-7f3368d59000 ---p 00000000 00:00 0 
7f3368d59000-7f3369dcb000 rw-p 00000000 00:00 0 
7f3369dcb000-7f3369f98000 r--s 03bec000 08:08 1091932                    /opt/android-studio/jre/jre/lib/rt.jar
7f3369f98000-7f336a658000 rw-p 00000000 00:00 0 
7f336a658000-7f336a798000 ---p 00000000 00:00 0 
7f336a798000-7f336ad98000 rw-p 00000000 00:00 0 
7f336ad98000-7f336ad99000 ---p 00000000 00:00 0 
7f336ad99000-7f336ae99000 rw-p 00000000 00:00 0 
7f336ae99000-7f336ae9a000 ---p 00000000 00:00 0 
7f336ae9a000-7f336af9a000 rw-p 00000000 00:00 0 
7f336af9a000-7f336af9b000 ---p 00000000 00:00 0 
7f336af9b000-7f336b09b000 rw-p 00000000 00:00 0 
7f336b09b000-7f336b09c000 ---p 00000000 00:00 0 
7f336b09c000-7f336b346000 rw-p 00000000 00:00 0 
7f336b346000-7f336b59c000 ---p 00000000 00:00 0 
7f336b59c000-7f336b746000 rw-p 00000000 00:00 0 
7f336b746000-7f336b99c000 ---p 00000000 00:00 0 
7f336b99c000-7f336bb9c000 rw-p 00000000 00:00 0 
7f336bb9c000-7f336bbd1000 rw-p 00000000 00:00 0 
7f336bbd1000-7f336bf5d000 ---p 00000000 00:00 0 
7f336bf5d000-7f336cc2d000 rwxp 00000000 00:00 0 
7f336cc2d000-7f337af5d000 ---p 00000000 00:00 0 
7f337af5d000-7f337af77000 r-xp 00000000 08:08 1092001                    /opt/android-studio/jre/jre/lib/amd64/libzip.so
7f337af77000-7f337b177000 ---p 0001a000 08:08 1092001                    /opt/android-studio/jre/jre/lib/amd64/libzip.so
7f337b177000-7f337b178000 r--p 0001a000 08:08 1092001                    /opt/android-studio/jre/jre/lib/amd64/libzip.so
7f337b178000-7f337b179000 rw-p 0001b000 08:08 1092001                    /opt/android-studio/jre/jre/lib/amd64/libzip.so
7f337b179000-7f337b183000 r-xp 00000000 08:08 1707249                    /usr/lib/libnss_files-2.24.so
7f337b183000-7f337b383000 ---p 0000a000 08:08 1707249                    /usr/lib/libnss_files-2.24.so
7f337b383000-7f337b384000 r--p 0000a000 08:08 1707249                    /usr/lib/libnss_files-2.24.so
7f337b384000-7f337b385000 rw-p 0000b000 08:08 1707249                    /usr/lib/libnss_files-2.24.so
7f337b385000-7f337b38b000 rw-p 00000000 00:00 0 
7f337b38b000-7f337b396000 r-xp 00000000 08:08 1707252                    /usr/lib/libnss_nis-2.24.so
7f337b396000-7f337b595000 ---p 0000b000 08:08 1707252                    /usr/lib/libnss_nis-2.24.so
7f337b595000-7f337b596000 r--p 0000a000 08:08 1707252                    /usr/lib/libnss_nis-2.24.so
7f337b596000-7f337b597000 rw-p 0000b000 08:08 1707252                    /usr/lib/libnss_nis-2.24.so
7f337b597000-7f337b5ab000 r-xp 00000000 08:08 1707256                    /usr/lib/libnsl-2.24.so
7f337b5ab000-7f337b7ab000 ---p 00014000 08:08 1707256                    /usr/lib/libnsl-2.24.so
7f337b7ab000-7f337b7ac000 r--p 00014000 08:08 1707256                    /usr/lib/libnsl-2.24.so
7f337b7ac000-7f337b7ad000 rw-p 00015000 08:08 1707256                    /usr/lib/libnsl-2.24.so
7f337b7ad000-7f337b7af000 rw-p 00000000 00:00 0 
7f337b7af000-7f337b7b6000 r-xp 00000000 08:08 1707240                    /usr/lib/libnss_compat-2.24.so
7f337b7b6000-7f337b9b5000 ---p 00007000 08:08 1707240                    /usr/lib/libnss_compat-2.24.so
7f337b9b5000-7f337b9b6000 r--p 00006000 08:08 1707240                    /usr/lib/libnss_compat-2.24.so
7f337b9b6000-7f337b9b7000 rw-p 00007000 08:08 1707240                    /usr/lib/libnss_compat-2.24.so
7f337b9b7000-7f337b9e4000 r-xp 00000000 08:08 1091991                    /opt/android-studio/jre/jre/lib/amd64/libjava.so
7f337b9e4000-7f337bbe3000 ---p 0002d000 08:08 1091991                    /opt/android-studio/jre/jre/lib/amd64/libjava.so
7f337bbe3000-7f337bbe4000 r--p 0002c000 08:08 1091991                    /opt/android-studio/jre/jre/lib/amd64/libjava.so
7f337bbe4000-7f337bbe6000 rw-p 0002d000 08:08 1091991                    /opt/android-studio/jre/jre/lib/amd64/libjava.so
7f337bbe6000-7f337bbf6000 r-xp 00000000 08:08 1091975                    /opt/android-studio/jre/jre/lib/amd64/libverify.so
7f337bbf6000-7f337bdf5000 ---p 00010000 08:08 1091975                    /opt/android-studio/jre/jre/lib/amd64/libverify.so
7f337bdf5000-7f337bdf7000 r--p 0000f000 08:08 1091975                    /opt/android-studio/jre/jre/lib/amd64/libverify.so
7f337bdf7000-7f337bdf8000 rw-p 00011000 08:08 1091975                    /opt/android-studio/jre/jre/lib/amd64/libverify.so
7f337bdf8000-7f337bdff000 r-xp 00000000 08:08 1707258                    /usr/lib/librt-2.24.so
7f337bdff000-7f337bffe000 ---p 00007000 08:08 1707258                    /usr/lib/librt-2.24.so
7f337bffe000-7f337bfff000 r--p 00006000 08:08 1707258                    /usr/lib/librt-2.24.so
7f337bfff000-7f337c000000 rw-p 00007000 08:08 1707258                    /usr/lib/librt-2.24.so
7f337c000000-7f337c3a4000 rw-p 00000000 00:00 0 
7f337c3a4000-7f3380000000 ---p 00000000 00:00 0 
7f3380016000-7f33800fa000 rw-p 00000000 00:00 0 
7f33800fa000-7f33801fd000 r-xp 00000000 08:08 1707255                    /usr/lib/libm-2.24.so
7f33801fd000-7f33803fc000 ---p 00103000 08:08 1707255                    /usr/lib/libm-2.24.so
7f33803fc000-7f33803fd000 r--p 00102000 08:08 1707255                    /usr/lib/libm-2.24.so
7f33803fd000-7f33803fe000 rw-p 00103000 08:08 1707255                    /usr/lib/libm-2.24.so
7f33803fe000-7f3380fe4000 r-xp 00000000 08:08 1092009                    /opt/android-studio/jre/jre/lib/amd64/server/libjvm.so
7f3380fe4000-7f33811e4000 ---p 00be6000 08:08 1092009                    /opt/android-studio/jre/jre/lib/amd64/server/libjvm.so
7f33811e4000-7f3381283000 r--p 00be6000 08:08 1092009                    /opt/android-studio/jre/jre/lib/amd64/server/libjvm.so
7f3381283000-7f33812ac000 rw-p 00c85000 08:08 1092009                    /opt/android-studio/jre/jre/lib/amd64/server/libjvm.so
7f33812ac000-7f33812ee000 rw-p 00000000 00:00 0 
7f33812ee000-7f3381306000 r-xp 00000000 08:08 1707147                    /usr/lib/libpthread-2.24.so
7f3381306000-7f3381505000 ---p 00018000 08:08 1707147                    /usr/lib/libpthread-2.24.so
7f3381505000-7f3381506000 r--p 00017000 08:08 1707147                    /usr/lib/libpthread-2.24.so
7f3381506000-7f3381507000 rw-p 00018000 08:08 1707147                    /usr/lib/libpthread-2.24.so
7f3381507000-7f338150b000 rw-p 00000000 00:00 0 
7f338150b000-7f338150d000 r-xp 00000000 08:08 1707254                    /usr/lib/libdl-2.24.so
7f338150d000-7f338170d000 ---p 00002000 08:08 1707254                    /usr/lib/libdl-2.24.so
7f338170d000-7f338170e000 r--p 00002000 08:08 1707254                    /usr/lib/libdl-2.24.so
7f338170e000-7f338170f000 rw-p 00003000 08:08 1707254                    /usr/lib/libdl-2.24.so
7f338170f000-7f33818a4000 r-xp 00000000 08:08 1707173                    /usr/lib/libc-2.24.so
7f33818a4000-7f3381aa3000 ---p 00195000 08:08 1707173                    /usr/lib/libc-2.24.so
7f3381aa3000-7f3381aa7000 r--p 00194000 08:08 1707173                    /usr/lib/libc-2.24.so
7f3381aa7000-7f3381aa9000 rw-p 00198000 08:08 1707173                    /usr/lib/libc-2.24.so
7f3381aa9000-7f3381aad000 rw-p 00000000 00:00 0 
7f3381aad000-7f3381ac3000 r-xp 00000000 08:08 1091875                    /opt/android-studio/jre/lib/amd64/jli/libjli.so
7f3381ac3000-7f3381cc2000 ---p 00016000 08:08 1091875                    /opt/android-studio/jre/lib/amd64/jli/libjli.so
7f3381cc2000-7f3381cc3000 r--p 00015000 08:08 1091875                    /opt/android-studio/jre/lib/amd64/jli/libjli.so
7f3381cc3000-7f3381cc4000 rw-p 00016000 08:08 1091875                    /opt/android-studio/jre/lib/amd64/jli/libjli.so
7f3381cc4000-7f3381ce7000 r-xp 00000000 08:08 1707172                    /usr/lib/ld-2.24.so
7f3381ce7000-7f3381d9f000 rw-p 00000000 00:00 0 
7f3381d9f000-7f3381da2000 ---p 00000000 00:00 0 
7f3381da2000-7f3381ea2000 rw-p 00000000 00:00 0 
7f3381ea4000-7f3381eb2000 r--s 000e0000 08:08 1058099                    /opt/android-sdk/build-tools/25.0.0/lib/dx.jar
7f3381eb2000-7f3381eda000 rw-p 00000000 00:00 0 
7f3381eda000-7f3381ee2000 rw-s 00000000 00:26 1745685                    /tmp/hsperfdata_jairus/31437
7f3381ee2000-7f3381ee3000 rw-p 00000000 00:00 0 
7f3381ee3000-7f3381ee4000 ---p 00000000 00:00 0 
7f3381ee4000-7f3381ee6000 rw-p 00000000 00:00 0 
7f3381ee6000-7f3381ee7000 r--p 00022000 08:08 1707172                    /usr/lib/ld-2.24.so
7f3381ee7000-7f3381ee8000 rw-p 00023000 08:08 1707172                    /usr/lib/ld-2.24.so
7f3381ee8000-7f3381ee9000 rw-p 00000000 00:00 0 
7fff21d07000-7fff21d28000 rw-p 00000000 00:00 0                          [stack]
7fff21d6d000-7fff21d6f000 r--p 00000000 00:00 0                          [vvar]
7fff21d6f000-7fff21d71000 r-xp 00000000 00:00 0                          [vdso]
ffffffffff600000-ffffffffff601000 r-xp 00000000 00:00 0                  [vsyscall]

VM Arguments:
jvm_args: -Djava.awt.headless=true -Xmx3g -Dfile.encoding=UTF-8 -Duser.country=US -Duser.language=en -Duser.variant 
java_command: com.android.dx.command.Main --dex --num-threads=4 --multi-dex --main-dex-list /home/jairus/AndroidStudioProjects/TeacherAICA/app/build/intermediates/multi-dex/debug/maindexlist.txt --output /home/jairus/AndroidStudioProjects/TeacherAICA/app/build/intermediates/transforms/dex/debug/folders/1000/1f/main /home/jairus/AndroidStudioProjects/TeacherAICA/app/build/intermediates/transforms/jarMerging/debug/jars/1/1f/combined.jar
java_class_path (initial): /opt/android-sdk/build-tools/25.0.0/lib/dx.jar
Launcher Type: SUN_STANDARD

Environment Variables:
PATH=/usr/local/bin:/usr/local/sbin:/usr/bin
USERNAME=jairus
LD_LIBRARY_PATH=/opt/android-studio/bin:
SHELL=/bin/zsh
DISPLAY=:0

Signal Handlers:
SIGSEGV: [libjvm.so+0x9daac0], sa_mask[0]=11111111011111111101111111111110, sa_flags=SA_RESTART|SA_SIGINFO
SIGBUS: [libjvm.so+0x9daac0], sa_mask[0]=11111111011111111101111111111110, sa_flags=SA_RESTART|SA_SIGINFO
SIGFPE: [libjvm.so+0x840d90], sa_mask[0]=11111111011111111101111111111110, sa_flags=SA_RESTART|SA_SIGINFO
SIGPIPE: [libjvm.so+0x840d90], sa_mask[0]=11111111011111111101111111111110, sa_flags=SA_RESTART|SA_SIGINFO
SIGXFSZ: [libjvm.so+0x840d90], sa_mask[0]=11111111011111111101111111111110, sa_flags=SA_RESTART|SA_SIGINFO
SIGILL: [libjvm.so+0x840d90], sa_mask[0]=11111111011111111101111111111110, sa_flags=SA_RESTART|SA_SIGINFO
SIGUSR1: SIG_DFL, sa_mask[0]=00000000000000000000000000000000, sa_flags=none
SIGUSR2: [libjvm.so+0x840c60], sa_mask[0]=00100000000000000000000000000000, sa_flags=SA_RESTART|SA_SIGINFO
SIGHUP: [libjvm.so+0x840e50], sa_mask[0]=11111111011111111101111111111110, sa_flags=SA_RESTART|SA_SIGINFO
SIGINT: [libjvm.so+0x840e50], sa_mask[0]=11111111011111111101111111111110, sa_flags=SA_RESTART|SA_SIGINFO
SIGTERM: [libjvm.so+0x840e50], sa_mask[0]=11111111011111111101111111111110, sa_flags=SA_RESTART|SA_SIGINFO
SIGQUIT: [libjvm.so+0x840e50], sa_mask[0]=11111111011111111101111111111110, sa_flags=SA_RESTART|SA_SIGINFO


---------------  S Y S T E M  ---------------

OS:LSB_VERSION=1.4
DISTRIB_ID=Arch
DISTRIB_RELEASE=rolling
DISTRIB_DESCRIPTION="Arch Linux"

uname:Linux 4.8.13-1-ARCH #1 SMP PREEMPT Fri Dec 9 07:24:34 CET 2016 x86_64
libc:glibc 2.24 NPTL 2.24 
rlimit: STACK 8192k, CORE infinity, NPROC 23360, NOFILE 4096, AS infinity
load average:10.85 3.97 1.81

/proc/meminfo:
MemTotal:        6045628 kB
MemFree:           98408 kB
MemAvailable:      48816 kB
Buffers:            2048 kB
Cached:           284236 kB
SwapCached:        44992 kB
Active:          4954452 kB
Inactive:         740540 kB
Active(anon):    4891392 kB
Inactive(anon):   698596 kB
Active(file):      63060 kB
Inactive(file):    41944 kB
Unevictable:          32 kB
Mlocked:              32 kB
SwapTotal:       2097148 kB
SwapFree:          77500 kB
Dirty:                40 kB
Writeback:          3064 kB
AnonPages:       5370896 kB
Mapped:           219836 kB
Shmem:            181376 kB
Slab:             103628 kB
SReclaimable:      57428 kB
SUnreclaim:        46200 kB
KernelStack:       11424 kB
PageTables:        50412 kB
NFS_Unstable:          0 kB
Bounce:                0 kB
WritebackTmp:          0 kB
CommitLimit:     5119960 kB
Committed_AS:   11934324 kB
VmallocTotal:   34359738367 kB
VmallocUsed:           0 kB
VmallocChunk:          0 kB
HardwareCorrupted:     0 kB
AnonHugePages:   2142208 kB
ShmemHugePages:        0 kB
ShmemPmdMapped:        0 kB
HugePages_Total:       0
HugePages_Free:        0
HugePages_Rsvd:        0
HugePages_Surp:        0
Hugepagesize:       2048 kB
DirectMap4k:      190784 kB
DirectMap2M:     6031360 kB
DirectMap1G:     1048576 kB


CPU:total 4 (2 cores per cpu, 2 threads per core) family 6 model 69 stepping 1, cmov, cx8, fxsr, mmx, sse, sse2, sse3, ssse3, sse4.1, sse4.2, popcnt, avx, avx2, aes, clmul, erms, lzcnt, ht, tsc, tscinvbit, bmi1, bmi2

/proc/cpuinfo:
processor	: 0
vendor_id	: GenuineIntel
cpu family	: 6
model		: 69
model name	: Intel(R) Core(TM) i3-4030U CPU @ 1.90GHz
stepping	: 1
microcode	: 0x1c
cpu MHz		: 1899.884
cache size	: 3072 KB
physical id	: 0
siblings	: 4
core id		: 0
cpu cores	: 2
apicid		: 0
initial apicid	: 0
fpu		: yes
fpu_exception	: yes
cpuid level	: 13
wp		: yes
flags		: fpu vme de pse tsc msr pae mce cx8 apic sep mtrr pge mca cmov pat pse36 clflush dts acpi mmx fxsr sse sse2 ss ht tm pbe syscall nx pdpe1gb rdtscp lm constant_tsc arch_perfmon pebs bts rep_good nopl xtopology nonstop_tsc aperfmperf eagerfpu pni pclmulqdq dtes64 monitor ds_cpl vmx est tm2 ssse3 sdbg fma cx16 xtpr pdcm pcid sse4_1 sse4_2 x2apic movbe popcnt tsc_deadline_timer aes xsave avx f16c rdrand lahf_lm abm epb tpr_shadow vnmi flexpriority ept vpid fsgsbase tsc_adjust bmi1 avx2 smep bmi2 erms invpcid xsaveopt dtherm ida arat pln pts
bugs		:
bogomips	: 3792.22
clflush size	: 64
cache_alignment	: 64
address sizes	: 39 bits physical, 48 bits virtual
power management:

processor	: 1
vendor_id	: GenuineIntel
cpu family	: 6
model		: 69
model name	: Intel(R) Core(TM) i3-4030U CPU @ 1.90GHz
stepping	: 1
microcode	: 0x1c
cpu MHz		: 1899.884
cache size	: 3072 KB
physical id	: 0
siblings	: 4
core id		: 0
cpu cores	: 2
apicid		: 1
initial apicid	: 1
fpu		: yes
fpu_exception	: yes
cpuid level	: 13
wp		: yes
flags		: fpu vme de pse tsc msr pae mce cx8 apic sep mtrr pge mca cmov pat pse36 clflush dts acpi mmx fxsr sse sse2 ss ht tm pbe syscall nx pdpe1gb rdtscp lm constant_tsc arch_perfmon pebs bts rep_good nopl xtopology nonstop_tsc aperfmperf eagerfpu pni pclmulqdq dtes64 monitor ds_cpl vmx est tm2 ssse3 sdbg fma cx16 xtpr pdcm pcid sse4_1 sse4_2 x2apic movbe popcnt tsc_deadline_timer aes xsave avx f16c rdrand lahf_lm abm epb tpr_shadow vnmi flexpriority ept vpid fsgsbase tsc_adjust bmi1 avx2 smep bmi2 erms invpcid xsaveopt dtherm ida arat pln pts
bugs		:
bogomips	: 3794.12
clflush size	: 64
cache_alignment	: 64
address sizes	: 39 bits physical, 48 bits virtual
power management:

processor	: 2
vendor_id	: GenuineIntel
cpu family	: 6
model		: 69
model name	: Intel(R) Core(TM) i3-4030U CPU @ 1.90GHz
stepping	: 1
microcode	: 0x1c
cpu MHz		: 1900.231
cache size	: 3072 KB
physical id	: 0
siblings	: 4
core id		: 1
cpu cores	: 2
apicid		: 2
initial apicid	: 2
fpu		: yes
fpu_exception	: yes
cpuid level	: 13
wp		: yes
flags		: fpu vme de pse tsc msr pae mce cx8 apic sep mtrr pge mca cmov pat pse36 clflush dts acpi mmx fxsr sse sse2 ss ht tm pbe syscall nx pdpe1gb rdtscp lm constant_tsc arch_perfmon pebs bts rep_good nopl xtopology nonstop_tsc aperfmperf eagerfpu pni pclmulqdq dtes64 monitor ds_cpl vmx est tm2 ssse3 sdbg fma cx16 xtpr pdcm pcid sse4_1 sse4_2 x2apic movbe popcnt tsc_deadline_timer aes xsave avx f16c rdrand lahf_lm abm epb tpr_shadow vnmi flexpriority ept vpid fsgsbase tsc_adjust bmi1 avx2 smep bmi2 erms invpcid xsaveopt dtherm ida arat pln pts
bugs		:
bogomips	: 3794.70
clflush size	: 64
cache_alignment	: 64
address sizes	: 39 bits physical, 48 bits virtual
power management:

processor	: 3
vendor_id	: GenuineIntel
cpu family	: 6
model		: 69
model name	: Intel(R) Core(TM) i3-4030U CPU @ 1.90GHz
stepping	: 1
microcode	: 0x1c
cpu MHz		: 1900.000
cache size	: 3072 KB
physical id	: 0
siblings	: 4
core id		: 1
cpu cores	: 2
apicid		: 3
initial apicid	: 3
fpu		: yes
fpu_exception	: yes
cpuid level	: 13
wp		: yes
flags		: fpu vme de pse tsc msr pae mce cx8 apic sep mtrr pge mca cmov pat pse36 clflush dts acpi mmx fxsr sse sse2 ss ht tm pbe syscall nx pdpe1gb rdtscp lm constant_tsc arch_perfmon pebs bts rep_good nopl xtopology nonstop_tsc aperfmperf eagerfpu pni pclmulqdq dtes64 monitor ds_cpl vmx est tm2 ssse3 sdbg fma cx16 xtpr pdcm pcid sse4_1 sse4_2 x2apic movbe popcnt tsc_deadline_timer aes xsave avx f16c rdrand lahf_lm abm epb tpr_shadow vnmi flexpriority ept vpid fsgsbase tsc_adjust bmi1 avx2 smep bmi2 erms invpcid xsaveopt dtherm ida arat pln pts
bugs		:
bogomips	: 3794.71
clflush size	: 64
cache_alignment	: 64
address sizes	: 39 bits physical, 48 bits virtual
power management:



Memory: 4k page, physical 6045628k(98408k free), swap 2097148k(77500k free)

vm_info: OpenJDK 64-Bit Server VM (25.76-b03) for linux-amd64 JRE (1.8.0_76-release-b03), built on Jun 29 2016 09:39:19 by "builder" with gcc 4.8.4

time: Mon Jan 16 03:44:05 2017
elapsed time: 111 seconds (0d 0h 1m 51s)

