#
# There is insufficient memory for the Java Runtime Environment to continue.
# Native memory allocation (mmap) failed to map 322961408 bytes for committing reserved memory.
# Possible reasons:
#   The system is out of physical RAM or swap space
#   In 32 bit mode, the process size limit was hit
# Possible solutions:
#   Reduce memory load on the system
#   Increase physical memory or swap space
#   Check if swap backing store is full
#   Use 64 bit Java on a 64 bit OS
#   Decrease Java heap size (-Xmx/-Xms)
#   Decrease number of Java threads
#   Decrease Java thread stack sizes (-Xss)
#   Set larger code cache with -XX:ReservedCodeCacheSize=
# This output file may be truncated or incomplete.
#
#  Out of Memory Error (os_linux.cpp:2627), pid=32056, tid=0x00007f60d97aa700
#
# JRE version: OpenJDK Runtime Environment (8.0_76-b03) (build 1.8.0_76-release-b03)
# Java VM: OpenJDK 64-Bit Server VM (25.76-b03 mixed mode linux-amd64 compressed oops)
# Core dump written. Default location: /home/jairus/AndroidStudioProjects/TeacherAICA/app/core or core.32056
#

---------------  T H R E A D  ---------------

Current thread (0x00007f60ec077800):  VMThread [stack: 0x00007f60d96aa000,0x00007f60d97ab000] [id=32071]

Stack: [0x00007f60d96aa000,0x00007f60d97ab000],  sp=0x00007f60d97a94d0,  free space=1021k
Native frames: (J=compiled Java code, j=interpreted, Vv=VM code, C=native code)
V  [libjvm.so+0x9d9fcd]  VMError::report_and_die()+0x15d
V  [libjvm.so+0x4b4d4a]  report_vm_out_of_memory(char const*, int, unsigned long, VMErrorType, char const*)+0x8a
V  [libjvm.so+0x845190]  os::pd_commit_memory(char*, unsigned long, unsigned long, bool)+0xf0
V  [libjvm.so+0x83fcbf]  os::commit_memory(char*, unsigned long, unsigned long, bool)+0x1f
V  [libjvm.so+0x8b4d9b]  PSVirtualSpace::expand_by(unsigned long)+0x5b
V  [libjvm.so+0x8a5b7b]  PSOldGen::expand_by(unsigned long) [clone .part.109]+0x1b
V  [libjvm.so+0x8a5d3b]  PSOldGen::expand(unsigned long) [clone .part.111]+0xdb
V  [libjvm.so+0x8a6618]  PSOldGen::resize(unsigned long)+0x188
V  [libjvm.so+0x8abc2c]  PSParallelCompact::invoke_no_policy(bool)+0x97c
V  [libjvm.so+0x8b2d3d]  PSScavenge::invoke()+0x17d
V  [libjvm.so+0x8681f3]  ParallelScavengeHeap::failed_mem_allocate(unsigned long)+0x63
V  [libjvm.so+0x9dba94]  VM_ParallelGCFailedAllocation::doit()+0x84
V  [libjvm.so+0x9dfe47]  VM_Operation::evaluate()+0x47
V  [libjvm.so+0x9de908]  VMThread::evaluate_operation(VM_Operation*)+0x2c8
V  [libjvm.so+0x9ded89]  VMThread::loop()+0x219
V  [libjvm.so+0x9df1d2]  VMThread::run()+0x72
V  [libjvm.so+0x8425b2]  java_start(Thread*)+0xf2

VM_Operation (0x00007f60d8a6d0c0): ParallelGCFailedAllocation, mode: safepoint, requested by thread 0x00007f60ec19e800


---------------  P R O C E S S  ---------------

Java Threads: ( => current thread )
  0x00007f60ec1a1800 JavaThread "pool-2-thread-4" [_thread_blocked, id=32095, stack(0x00007f60d876c000,0x00007f60d886d000)]
  0x00007f60ec1a0000 JavaThread "pool-2-thread-3" [_thread_blocked, id=32094, stack(0x00007f60d886d000,0x00007f60d896e000)]
  0x00007f60ec19e800 JavaThread "pool-2-thread-2" [_thread_blocked, id=32093, stack(0x00007f60d896e000,0x00007f60d8a6f000)]
  0x00007f60ec19c800 JavaThread "pool-3-thread-1" [_thread_blocked, id=32092, stack(0x00007f60d8a6f000,0x00007f60d8b70000)]
  0x00007f60ec19b800 JavaThread "pool-2-thread-1" [_thread_blocked, id=32091, stack(0x00007f60d8b70000,0x00007f60d8c71000)]
  0x00007f60ec0bf800 JavaThread "Service Thread" daemon [_thread_blocked, id=32078, stack(0x00007f60d8e0b000,0x00007f60d8f0c000)]
  0x00007f60ec0bc800 JavaThread "C1 CompilerThread2" daemon [_thread_blocked, id=32077, stack(0x00007f60d8f0c000,0x00007f60d900d000)]
  0x00007f60ec0ba800 JavaThread "C2 CompilerThread1" daemon [_thread_blocked, id=32076, stack(0x00007f60d900d000,0x00007f60d910e000)]
  0x00007f60ec0b7800 JavaThread "C2 CompilerThread0" daemon [_thread_blocked, id=32075, stack(0x00007f60d910e000,0x00007f60d920f000)]
  0x00007f60ec0b6800 JavaThread "Signal Dispatcher" daemon [_thread_blocked, id=32074, stack(0x00007f60d920f000,0x00007f60d9310000)]
  0x00007f60ec083800 JavaThread "Finalizer" daemon [_thread_blocked, id=32073, stack(0x00007f60d94a8000,0x00007f60d95a9000)]
  0x00007f60ec07f000 JavaThread "Reference Handler" daemon [_thread_blocked, id=32072, stack(0x00007f60d95a9000,0x00007f60d96aa000)]
  0x00007f60ec00a000 JavaThread "main" [_thread_blocked, id=32065, stack(0x00007f60f26e9000,0x00007f60f27ea000)]

Other Threads:
=>0x00007f60ec077800 VMThread [stack: 0x00007f60d96aa000,0x00007f60d97ab000] [id=32071]
  0x00007f60ec0c2000 WatcherThread [stack: 0x00007f60d8d0a000,0x00007f60d8e0b000] [id=32079]

VM state:at safepoint (normal execution)

VM Mutex/Monitor currently owned by a thread:  ([mutex/lock_event])
[0x00007f60ec005f20] ExpandHeap_lock - owner thread: 0x00007f60ec077800
[0x00007f60ec0065a0] Threads_lock - owner thread: 0x00007f60ec077800
[0x00007f60ec006aa0] Heap_lock - owner thread: 0x00007f60ec19e800

Heap:
 PSYoungGen      total 695296K, used 94421K [0x0000000780000000, 0x00000007c0000000, 0x00000007c0000000)
  eden space 484352K, 0% used [0x0000000780000000,0x0000000780000000,0x000000079d900000)
  from space 210944K, 44% used [0x00000007b3200000,0x00000007b8e355e8,0x00000007c0000000)
  to   space 282112K, 0% used [0x000000079d900000,0x000000079d900000,0x00000007aec80000)
 ParOldGen       total 855552K, used 855107K [0x0000000700000000, 0x0000000734380000, 0x0000000780000000)
  object space 855552K, 99% used [0x0000000700000000,0x0000000734310ff8,0x0000000734380000)
 Metaspace       used 6390K, capacity 7280K, committed 7552K, reserved 1056768K
  class space    used 583K, capacity 616K, committed 640K, reserved 1048576K

Card table byte_map: [0x00007f60dbded000,0x00007f60dc3ee000] byte_map_base: 0x00007f60d85ed000

Marking Bits: (ParMarkBitMap*) 0x00007f60f1c0b1a0
 Begin Bits: [0x00007f60c2000000, 0x00007f60c5000000)
 End Bits:   [0x00007f60c5000000, 0x00007f60c8000000)

Polling page: 0x00007f60f282d000

CodeCache: size=245760Kb used=11759Kb max_used=12508Kb free=234000Kb
 bounds [0x00007f60dc7ae000, 0x00007f60dd45e000, 0x00007f60eb7ae000]
 total_blobs=2613 nmethods=2351 adapters=176
 compilation: enabled

Compilation events (10 events):
Event: 73.614 Thread 0x00007f60ec0b7800 nmethod 2905 0x00007f60dcaddf50 code [0x00007f60dcade0c0, 0x00007f60dcade578]
Event: 73.634 Thread 0x00007f60ec0b7800 2906       4       com.android.dx.rop.code.ThrowingCstInsn::accept (8 bytes)
Event: 73.634 Thread 0x00007f60ec0b7800 nmethod 2906 0x00007f60dc9f5950 code [0x00007f60dc9f5aa0, 0x00007f60dc9f5b18]
Event: 73.634 Thread 0x00007f60ec0b7800 2908       4       com.android.dx.rop.code.BasicBlockList$RegCountVisitor::visitThrowingCstInsn (6 bytes)
Event: 73.641 Thread 0x00007f60ec0b7800 nmethod 2908 0x00007f60dcc4fcd0 code [0x00007f60dcc4fe40, 0x00007f60dcc500f8]
Event: 73.641 Thread 0x00007f60ec0b7800 2907       4       com.android.dx.rop.code.PlainCstInsn::accept (8 bytes)
Event: 73.642 Thread 0x00007f60ec0b7800 nmethod 2907 0x00007f60dcc4fa50 code [0x00007f60dcc4fba0, 0x00007f60dcc4fc18]
Event: 73.659 Thread 0x00007f60ec0b7800 2909       4       com.android.dx.cf.code.Ropper::addOrReplaceBlock (66 bytes)
Event: 73.712 Thread 0x00007f60ec0b7800 nmethod 2909 0x00007f60dcad6910 code [0x00007f60dcad6ac0, 0x00007f60dcad74b8]
Event: 73.712 Thread 0x00007f60ec0b7800 2910       4       com.android.dx.cf.code.Simulator$SimVisitor::visitConstant (332 bytes)

GC Heap History (10 events):
Event: 45.130 GC heap after
Heap after GC invocations=25 (full 4):
 PSYoungGen      total 708608K, used 166375K [0x0000000780000000, 0x00000007bde00000, 0x00000007c0000000)
  eden space 542208K, 0% used [0x0000000780000000,0x0000000780000000,0x00000007a1180000)
  from space 166400K, 99% used [0x00000007a1180000,0x00000007ab3f9c90,0x00000007ab400000)
  to   space 196608K, 0% used [0x00000007b1e00000,0x00000007b1e00000,0x00000007bde00000)
 ParOldGen       total 581120K, used 489639K [0x0000000700000000, 0x0000000723780000, 0x0000000780000000)
  object space 581120K, 84% used [0x0000000700000000,0x000000071de29d48,0x0000000723780000)
 Metaspace       used 6387K, capacity 7280K, committed 7552K, reserved 1056768K
  class space    used 582K, capacity 616K, committed 640K, reserved 1048576K
}
Event: 49.968 GC heap before
{Heap before GC invocations=26 (full 4):
 PSYoungGen      total 708608K, used 708583K [0x0000000780000000, 0x00000007bde00000, 0x00000007c0000000)
  eden space 542208K, 100% used [0x0000000780000000,0x00000007a1180000,0x00000007a1180000)
  from space 166400K, 99% used [0x00000007a1180000,0x00000007ab3f9c90,0x00000007ab400000)
  to   space 196608K, 0% used [0x00000007b1e00000,0x00000007b1e00000,0x00000007bde00000)
 ParOldGen       total 581120K, used 489639K [0x0000000700000000, 0x0000000723780000, 0x0000000780000000)
  object space 581120K, 84% used [0x0000000700000000,0x000000071de29d48,0x0000000723780000)
 Metaspace       used 6387K, capacity 7280K, committed 7552K, reserved 1056768K
  class space    used 582K, capacity 616K, committed 640K, reserved 1048576K
Event: 60.507 GC heap after
Heap after GC invocations=26 (full 4):
 PSYoungGen      total 790016K, used 181008K [0x0000000780000000, 0x00000007c0000000, 0x00000007c0000000)
  eden space 593408K, 0% used [0x0000000780000000,0x0000000780000000,0x00000007a4380000)
  from space 196608K, 92% used [0x00000007b1e00000,0x00000007bcec4170,0x00000007bde00000)
  to   space 223744K, 0% used [0x00000007a4380000,0x00000007a4380000,0x00000007b1e00000)
 ParOldGen       total 586240K, used 585848K [0x0000000700000000, 0x0000000723c80000, 0x0000000780000000)
  object space 586240K, 99% used [0x0000000700000000,0x0000000723c1e2e8,0x0000000723c80000)
 Metaspace       used 6387K, capacity 7280K, committed 7552K, reserved 1056768K
  class space    used 582K, capacity 616K, committed 640K, reserved 1048576K
}
Event: 60.525 GC heap before
{Heap before GC invocations=27 (full 5):
 PSYoungGen      total 790016K, used 181008K [0x0000000780000000, 0x00000007c0000000, 0x00000007c0000000)
  eden space 593408K, 0% used [0x0000000780000000,0x0000000780000000,0x00000007a4380000)
  from space 196608K, 92% used [0x00000007b1e00000,0x00000007bcec4170,0x00000007bde00000)
  to   space 223744K, 0% used [0x00000007a4380000,0x00000007a4380000,0x00000007b1e00000)
 ParOldGen       total 586240K, used 585848K [0x0000000700000000, 0x0000000723c80000, 0x0000000780000000)
  object space 586240K, 99% used [0x0000000700000000,0x0000000723c1e2e8,0x0000000723c80000)
 Metaspace       used 6387K, capacity 7280K, committed 7552K, reserved 1056768K
  class space    used 582K, capacity 616K, committed 640K, reserved 1048576K
Event: 65.755 GC heap after
Heap after GC invocations=27 (full 5):
 PSYoungGen      total 790016K, used 170853K [0x0000000780000000, 0x00000007c0000000, 0x00000007c0000000)
  eden space 593408K, 0% used [0x0000000780000000,0x0000000780000000,0x00000007a4380000)
  from space 196608K, 86% used [0x00000007b1e00000,0x00000007bc4d9778,0x00000007bde00000)
  to   space 223744K, 0% used [0x00000007a4380000,0x00000007a4380000,0x00000007b1e00000)
 ParOldGen       total 855552K, used 586134K [0x0000000700000000, 0x0000000734380000, 0x0000000780000000)
  object space 855552K, 68% used [0x0000000700000000,0x0000000723c65ab0,0x0000000734380000)
 Metaspace       used 6387K, capacity 7280K, committed 7552K, reserved 1056768K
  class space    used 582K, capacity 616K, committed 640K, reserved 1048576K
}
Event: 69.239 GC heap before
{Heap before GC invocations=28 (full 5):
 PSYoungGen      total 790016K, used 764261K [0x0000000780000000, 0x00000007c0000000, 0x00000007c0000000)
  eden space 593408K, 100% used [0x0000000780000000,0x00000007a4380000,0x00000007a4380000)
  from space 196608K, 86% used [0x00000007b1e00000,0x00000007bc4d9778,0x00000007bde00000)
  to   space 223744K, 0% used [0x00000007a4380000,0x00000007a4380000,0x00000007b1e00000)
 ParOldGen       total 855552K, used 586134K [0x0000000700000000, 0x0000000734380000, 0x0000000780000000)
  object space 855552K, 68% used [0x0000000700000000,0x0000000723c65ab0,0x0000000734380000)
 Metaspace       used 6387K, capacity 7280K, committed 7552K, reserved 1056768K
  class space    used 582K, capacity 616K, committed 640K, reserved 1048576K
Event: 70.688 GC heap after
Heap after GC invocations=28 (full 5):
 PSYoungGen      total 817152K, used 89076K [0x0000000780000000, 0x00000007c0000000, 0x00000007c0000000)
  eden space 593408K, 0% used [0x0000000780000000,0x0000000780000000,0x00000007a4380000)
  from space 223744K, 39% used [0x00000007a4380000,0x00000007a9a7d100,0x00000007b1e00000)
  to   space 210944K, 0% used [0x00000007b3200000,0x00000007b3200000,0x00000007c0000000)
 ParOldGen       total 855552K, used 650160K [0x0000000700000000, 0x0000000734380000, 0x0000000780000000)
  object space 855552K, 75% used [0x0000000700000000,0x0000000727aec290,0x0000000734380000)
 Metaspace       used 6387K, capacity 7280K, committed 7552K, reserved 1056768K
  class space    used 582K, capacity 616K, committed 640K, reserved 1048576K
}
Event: 73.848 GC heap before
{Heap before GC invocations=29 (full 5):
 PSYoungGen      total 817152K, used 682484K [0x0000000780000000, 0x00000007c0000000, 0x00000007c0000000)
  eden space 593408K, 100% used [0x0000000780000000,0x00000007a4380000,0x00000007a4380000)
  from space 223744K, 39% used [0x00000007a4380000,0x00000007a9a7d100,0x00000007b1e00000)
  to   space 210944K, 0% used [0x00000007b3200000,0x00000007b3200000,0x00000007c0000000)
 ParOldGen       total 855552K, used 650160K [0x0000000700000000, 0x0000000734380000, 0x0000000780000000)
  object space 855552K, 75% used [0x0000000700000000,0x0000000727aec290,0x0000000734380000)
 Metaspace       used 6390K, capacity 7280K, committed 7552K, reserved 1056768K
  class space    used 583K, capacity 616K, committed 640K, reserved 1048576K
Event: 104.397 GC heap after
Heap after GC invocations=29 (full 5):
 PSYoungGen      total 695296K, used 210933K [0x0000000780000000, 0x00000007c0000000, 0x00000007c0000000)
  eden space 484352K, 0% used [0x0000000780000000,0x0000000780000000,0x000000079d900000)
  from space 210944K, 99% used [0x00000007b3200000,0x00000007bfffd650,0x00000007c0000000)
  to   space 282112K, 0% used [0x000000079d900000,0x000000079d900000,0x00000007aec80000)
 ParOldGen       total 855552K, used 751245K [0x0000000700000000, 0x0000000734380000, 0x0000000780000000)
  object space 855552K, 87% used [0x0000000700000000,0x000000072dda36f8,0x0000000734380000)
 Metaspace       used 6390K, capacity 7280K, committed 7552K, reserved 1056768K
  class space    used 583K, capacity 616K, committed 640K, reserved 1048576K
}
Event: 104.596 GC heap before
{Heap before GC invocations=30 (full 6):
 PSYoungGen      total 695296K, used 210933K [0x0000000780000000, 0x00000007c0000000, 0x00000007c0000000)
  eden space 484352K, 0% used [0x0000000780000000,0x0000000780000000,0x000000079d900000)
  from space 210944K, 99% used [0x00000007b3200000,0x00000007bfffd650,0x00000007c0000000)
  to   space 282112K, 0% used [0x000000079d900000,0x000000079d900000,0x00000007aec80000)
 ParOldGen       total 855552K, used 751245K [0x0000000700000000, 0x0000000734380000, 0x0000000780000000)
  object space 855552K, 87% used [0x0000000700000000,0x000000072dda36f8,0x0000000734380000)
 Metaspace       used 6390K, capacity 7280K, committed 7552K, reserved 1056768K
  class space    used 583K, capacity 616K, committed 640K, reserved 1048576K

Deoptimization events (10 events):
Event: 38.976 Thread 0x00007f60ec19b800 Uncommon trap: reason=class_check action=maybe_recompile pc=0x00007f60dd304974 method=com.android.dx.ssa.back.InterferenceGraph.mergeInterferenceSet(ILcom/android/dx/util/IntSet;)V @ 20
Event: 38.976 Thread 0x00007f60ec19b800 Uncommon trap: reason=class_check action=maybe_recompile pc=0x00007f60dd304974 method=com.android.dx.ssa.back.InterferenceGraph.mergeInterferenceSet(ILcom/android/dx/util/IntSet;)V @ 20
Event: 39.522 Thread 0x00007f60ec1a1800 Uncommon trap: reason=unstable_if action=reinterpret pc=0x00007f60dd1d4758 method=java.util.HashMap$TreeNode.find(ILjava/lang/Object;Ljava/lang/Class;)Ljava/util/HashMap$TreeNode; @ 58
Event: 39.931 Thread 0x00007f60ec1a1800 Uncommon trap: reason=bimorphic action=maybe_recompile pc=0x00007f60dd388728 method=com.android.dx.cf.code.BytecodeArray.parseInstruction(ILcom/android/dx/cf/code/BytecodeArray$Visitor;)I @ 1612
Event: 39.931 Thread 0x00007f60ec1a1800 Uncommon trap: reason=bimorphic action=maybe_recompile pc=0x00007f60dd388728 method=com.android.dx.cf.code.BytecodeArray.parseInstruction(ILcom/android/dx/cf/code/BytecodeArray$Visitor;)I @ 1612
Event: 43.351 Thread 0x00007f60ec1a0000 Uncommon trap: reason=unstable_if action=reinterpret pc=0x00007f60dcc12c5c method=com.android.dx.rop.type.Type.isReference()Z @ 6
Event: 44.331 Thread 0x00007f60ec19e800 Uncommon trap: reason=class_check action=maybe_recompile pc=0x00007f60dd2759d4 method=com.android.dx.ssa.DomFront.calcDomFronts()V @ 101
Event: 44.341 Thread 0x00007f60ec19e800 Uncommon trap: reason=class_check action=maybe_recompile pc=0x00007f60dd2e5160 method=com.android.dx.ssa.SsaConverter.placePhiFunctions(Lcom/android/dx/ssa/SsaMethod;Lcom/android/dx/ssa/LocalVariableInfo;I)V @ 257
Event: 44.542 Thread 0x00007f60ec19e800 Uncommon trap: reason=unstable_if action=reinterpret pc=0x00007f60dca0d3d0 method=com.android.dx.util.BitIntSet.merge(Lcom/android/dx/util/IntSet;)V @ 60
Event: 45.508 Thread 0x00007f60ec19b800 Uncommon trap: reason=class_check action=maybe_recompile pc=0x00007f60dd2e5160 method=com.android.dx.ssa.SsaConverter.placePhiFunctions(Lcom/android/dx/ssa/SsaMethod;Lcom/android/dx/ssa/LocalVariableInfo;I)V @ 257

Internal exceptions (9 events):
Event: 0.515 Thread 0x00007f60ec00a000 Exception <a 'java/lang/NoSuchMethodError': Method sun.misc.Unsafe.defineClass(Ljava/lang/String;[BII)Ljava/lang/Class; name or signature does not match> (0x0000000780007cc0) thrown at [/ssd/Android/AOSP-openjdk/external/jetbrains/jdk/hotspot/src/share/vm
Event: 0.515 Thread 0x00007f60ec00a000 Exception <a 'java/lang/NoSuchMethodError': Method sun.misc.Unsafe.prefetchRead(Ljava/lang/Object;J)V name or signature does not match> (0x0000000780007fa8) thrown at [/ssd/Android/AOSP-openjdk/external/jetbrains/jdk/hotspot/src/share/vm/prims/jni.cpp, li
Event: 2.783 Thread 0x00007f60ec1a0000 Implicit null exception at 0x00007f60dcacd3ca to 0x00007f60dcacfa15
Event: 2.973 Thread 0x00007f60ec19e800 Implicit null exception at 0x00007f60dcab5a9a to 0x00007f60dcab7f49
Event: 3.247 Thread 0x00007f60ec19b800 Exception <a 'java/lang/ArrayIndexOutOfBoundsException': 18> (0x00000007808b09b8) thrown at [/ssd/Android/AOSP-openjdk/external/jetbrains/jdk/hotspot/src/share/vm/interpreter/interpreterRuntime.cpp, line 366]
Event: 3.247 Thread 0x00007f60ec19b800 Exception <a 'java/lang/ArrayIndexOutOfBoundsException': 145> (0x00000007808b2538) thrown at [/ssd/Android/AOSP-openjdk/external/jetbrains/jdk/hotspot/src/share/vm/interpreter/interpreterRuntime.cpp, line 366]
Event: 3.263 Thread 0x00007f60ec19b800 Exception <a 'java/lang/ArrayIndexOutOfBoundsException'> (0x00000007808b3820) thrown at [/ssd/Android/AOSP-openjdk/external/jetbrains/jdk/hotspot/src/share/vm/runtime/sharedRuntime.cpp, line 605]
Event: 18.413 Thread 0x00007f60ec1a1800 Implicit null exception at 0x00007f60dcb1db3c to 0x00007f60dcb1ddda
Event: 19.318 Thread 0x00007f60ec1a0000 Implicit null exception at 0x00007f60dcb3cf93 to 0x00007f60dcb3d165

Events (10 events):
Event: 73.035 Thread 0x00007f60ec19b800 DEOPT PACKING pc=0x00007f60dcb2e1b4 sp=0x00007f60d8c6f1b0
Event: 73.035 Thread 0x00007f60ec19b800 DEOPT UNPACKING pc=0x00007f60dc7f5373 sp=0x00007f60d8c6ef18 mode 0
Event: 73.064 Thread 0x00007f60ec19b800 DEOPT PACKING pc=0x00007f60dcadf428 sp=0x00007f60d8c6f070
Event: 73.064 Thread 0x00007f60ec19b800 DEOPT UNPACKING pc=0x00007f60dc7f5373 sp=0x00007f60d8c6ee70 mode 0
Event: 73.104 Thread 0x00007f60ec19b800 DEOPT PACKING pc=0x00007f60dcadf428 sp=0x00007f60d8c6f070
Event: 73.104 Thread 0x00007f60ec19b800 DEOPT UNPACKING pc=0x00007f60dc7f5373 sp=0x00007f60d8c6ee70 mode 0
Event: 73.130 loading class com/android/dx/rop/code/RegisterSpec$1
Event: 73.170 loading class com/android/dx/rop/code/RegisterSpec$1 done
Event: 73.712 Thread 0x00007f60ec0b7800 flushing nmethod 0x00007f60dc8dccd0
Event: 73.792 Executing VM operation: ParallelGCFailedAllocation


Dynamic libraries:
00400000-00401000 r-xp 00000000 08:08 1091894                            /opt/android-studio/jre/bin/java
00600000-00601000 r--p 00000000 08:08 1091894                            /opt/android-studio/jre/bin/java
00601000-00602000 rw-p 00001000 08:08 1091894                            /opt/android-studio/jre/bin/java
00bd1000-00bf2000 rw-p 00000000 00:00 0                                  [heap]
700000000-734380000 rw-p 00000000 00:00 0 
747780000-780000000 ---p 00000000 00:00 0 
780000000-7c0000000 rw-p 00000000 00:00 0 
7c0000000-7c00a0000 rw-p 00000000 00:00 0 
7c00a0000-800000000 ---p 00000000 00:00 0 
7f6084000000-7f6084028000 rw-p 00000000 00:00 0 
7f6084028000-7f6088000000 ---p 00000000 00:00 0 
7f608c000000-7f608c03d000 rw-p 00000000 00:00 0 
7f608c03d000-7f6090000000 ---p 00000000 00:00 0 
7f6090000000-7f6090021000 rw-p 00000000 00:00 0 
7f6090021000-7f6094000000 ---p 00000000 00:00 0 
7f6094000000-7f609404e000 rw-p 00000000 00:00 0 
7f609404e000-7f6098000000 ---p 00000000 00:00 0 
7f6098000000-7f6098021000 rw-p 00000000 00:00 0 
7f6098021000-7f609c000000 ---p 00000000 00:00 0 
7f609c000000-7f609c021000 rw-p 00000000 00:00 0 
7f609c021000-7f60a0000000 ---p 00000000 00:00 0 
7f60a0000000-7f60a0021000 rw-p 00000000 00:00 0 
7f60a0021000-7f60a4000000 ---p 00000000 00:00 0 
7f60a4000000-7f60a5dc0000 rw-p 00000000 00:00 0 
7f60a5dc0000-7f60a8000000 ---p 00000000 00:00 0 
7f60a8000000-7f60a8f2f000 rw-p 00000000 00:00 0 
7f60a8f2f000-7f60ac000000 ---p 00000000 00:00 0 
7f60ac000000-7f60ac021000 rw-p 00000000 00:00 0 
7f60ac021000-7f60b0000000 ---p 00000000 00:00 0 
7f60b0000000-7f60b17f2000 rw-p 00000000 00:00 0 
7f60b17f2000-7f60b4000000 ---p 00000000 00:00 0 
7f60b4000000-7f60b4021000 rw-p 00000000 00:00 0 
7f60b4021000-7f60b8000000 ---p 00000000 00:00 0 
7f60b8000000-7f60b8021000 rw-p 00000000 00:00 0 
7f60b8021000-7f60bc000000 ---p 00000000 00:00 0 
7f60bc000000-7f60bc297000 rw-p 00000000 00:00 0 
7f60bc297000-7f60c0000000 ---p 00000000 00:00 0 
7f60c2000000-7f60c8000000 rw-p 00000000 00:00 0 
7f60c8000000-7f60c8021000 rw-p 00000000 00:00 0 
7f60c8021000-7f60cc000000 ---p 00000000 00:00 0 
7f60cc000000-7f60cc021000 rw-p 00000000 00:00 0 
7f60cc021000-7f60d0000000 ---p 00000000 00:00 0 
7f60d0000000-7f60d0021000 rw-p 00000000 00:00 0 
7f60d0021000-7f60d4000000 ---p 00000000 00:00 0 
7f60d4000000-7f60d4021000 rw-p 00000000 00:00 0 
7f60d4021000-7f60d8000000 ---p 00000000 00:00 0 
7f60d876c000-7f60d876f000 ---p 00000000 00:00 0 
7f60d876f000-7f60d886d000 rw-p 00000000 00:00 0 
7f60d886d000-7f60d8870000 ---p 00000000 00:00 0 
7f60d8870000-7f60d896e000 rw-p 00000000 00:00 0 
7f60d896e000-7f60d8971000 ---p 00000000 00:00 0 
7f60d8971000-7f60d8a6f000 rw-p 00000000 00:00 0 
7f60d8a6f000-7f60d8a72000 ---p 00000000 00:00 0 
7f60d8a72000-7f60d8b70000 rw-p 00000000 00:00 0 
7f60d8b70000-7f60d8b73000 ---p 00000000 00:00 0 
7f60d8b73000-7f60d8c71000 rw-p 00000000 00:00 0 
7f60d8c71000-7f60d8d0a000 r--s 00895000 08:08 5246849                    /home/jairus/AndroidStudioProjects/TeacherAICA/app/build/intermediates/transforms/jarMerging/debug/jars/1/1f/combined.jar
7f60d8d0a000-7f60d8d0b000 ---p 00000000 00:00 0 
7f60d8d0b000-7f60d8e0b000 rw-p 00000000 00:00 0 
7f60d8e0b000-7f60d8e0e000 ---p 00000000 00:00 0 
7f60d8e0e000-7f60d8f0c000 rw-p 00000000 00:00 0 
7f60d8f0c000-7f60d8f0f000 ---p 00000000 00:00 0 
7f60d8f0f000-7f60d900d000 rw-p 00000000 00:00 0 
7f60d900d000-7f60d9010000 ---p 00000000 00:00 0 
7f60d9010000-7f60d910e000 rw-p 00000000 00:00 0 
7f60d910e000-7f60d9111000 ---p 00000000 00:00 0 
7f60d9111000-7f60d920f000 rw-p 00000000 00:00 0 
7f60d920f000-7f60d9212000 ---p 00000000 00:00 0 
7f60d9212000-7f60d9310000 rw-p 00000000 00:00 0 
7f60d9310000-7f60d94a8000 r--p 00000000 08:08 1756744                    /usr/lib/locale/locale-archive
7f60d94a8000-7f60d94ab000 ---p 00000000 00:00 0 
7f60d94ab000-7f60d95a9000 rw-p 00000000 00:00 0 
7f60d95a9000-7f60d95ac000 ---p 00000000 00:00 0 
7f60d95ac000-7f60d96aa000 rw-p 00000000 00:00 0 
7f60d96aa000-7f60d96ab000 ---p 00000000 00:00 0 
7f60d96ab000-7f60da71d000 rw-p 00000000 00:00 0 
7f60da71d000-7f60da8ea000 r--s 03bec000 08:08 1091932                    /opt/android-studio/jre/jre/lib/rt.jar
7f60da8ea000-7f60dafaa000 rw-p 00000000 00:00 0 
7f60dafaa000-7f60db0ea000 ---p 00000000 00:00 0 
7f60db0ea000-7f60db6ea000 rw-p 00000000 00:00 0 
7f60db6ea000-7f60db6eb000 ---p 00000000 00:00 0 
7f60db6eb000-7f60db7eb000 rw-p 00000000 00:00 0 
7f60db7eb000-7f60db7ec000 ---p 00000000 00:00 0 
7f60db7ec000-7f60db8ec000 rw-p 00000000 00:00 0 
7f60db8ec000-7f60db8ed000 ---p 00000000 00:00 0 
7f60db8ed000-7f60dbb8f000 rw-p 00000000 00:00 0 
7f60dbb8f000-7f60dbded000 ---p 00000000 00:00 0 
7f60dbded000-7f60dbf8f000 rw-p 00000000 00:00 0 
7f60dbf8f000-7f60dc1ed000 ---p 00000000 00:00 0 
7f60dc1ed000-7f60dc3ed000 rw-p 00000000 00:00 0 
7f60dc3ed000-7f60dc421000 rw-p 00000000 00:00 0 
7f60dc421000-7f60dc7ae000 ---p 00000000 00:00 0 
7f60dc7ae000-7f60dd45e000 rwxp 00000000 00:00 0 
7f60dd45e000-7f60eb7ae000 ---p 00000000 00:00 0 
7f60eb7ae000-7f60eb7c8000 r-xp 00000000 08:08 1092001                    /opt/android-studio/jre/jre/lib/amd64/libzip.so
7f60eb7c8000-7f60eb9c8000 ---p 0001a000 08:08 1092001                    /opt/android-studio/jre/jre/lib/amd64/libzip.so
7f60eb9c8000-7f60eb9c9000 r--p 0001a000 08:08 1092001                    /opt/android-studio/jre/jre/lib/amd64/libzip.so
7f60eb9c9000-7f60eb9ca000 rw-p 0001b000 08:08 1092001                    /opt/android-studio/jre/jre/lib/amd64/libzip.so
7f60eb9ca000-7f60eb9d4000 r-xp 00000000 08:08 1707249                    /usr/lib/libnss_files-2.24.so
7f60eb9d4000-7f60ebbd4000 ---p 0000a000 08:08 1707249                    /usr/lib/libnss_files-2.24.so
7f60ebbd4000-7f60ebbd5000 r--p 0000a000 08:08 1707249                    /usr/lib/libnss_files-2.24.so
7f60ebbd5000-7f60ebbd6000 rw-p 0000b000 08:08 1707249                    /usr/lib/libnss_files-2.24.so
7f60ebbd6000-7f60ebbdc000 rw-p 00000000 00:00 0 
7f60ebbdc000-7f60ebbe7000 r-xp 00000000 08:08 1707252                    /usr/lib/libnss_nis-2.24.so
7f60ebbe7000-7f60ebde6000 ---p 0000b000 08:08 1707252                    /usr/lib/libnss_nis-2.24.so
7f60ebde6000-7f60ebde7000 r--p 0000a000 08:08 1707252                    /usr/lib/libnss_nis-2.24.so
7f60ebde7000-7f60ebde8000 rw-p 0000b000 08:08 1707252                    /usr/lib/libnss_nis-2.24.so
7f60ebde8000-7f60ebdfc000 r-xp 00000000 08:08 1707256                    /usr/lib/libnsl-2.24.so
7f60ebdfc000-7f60ebffc000 ---p 00014000 08:08 1707256                    /usr/lib/libnsl-2.24.so
7f60ebffc000-7f60ebffd000 r--p 00014000 08:08 1707256                    /usr/lib/libnsl-2.24.so
7f60ebffd000-7f60ebffe000 rw-p 00015000 08:08 1707256                    /usr/lib/libnsl-2.24.so
7f60ebffe000-7f60ec000000 rw-p 00000000 00:00 0 
7f60ec000000-7f60ec3c4000 rw-p 00000000 00:00 0 
7f60ec3c4000-7f60f0000000 ---p 00000000 00:00 0 
7f60f000e000-7f60f00f2000 rw-p 00000000 00:00 0 
7f60f00f2000-7f60f00f3000 ---p 00000000 00:00 0 
7f60f00f3000-7f60f01f3000 rw-p 00000000 00:00 0 
7f60f01f3000-7f60f01fa000 r-xp 00000000 08:08 1707240                    /usr/lib/libnss_compat-2.24.so
7f60f01fa000-7f60f03f9000 ---p 00007000 08:08 1707240                    /usr/lib/libnss_compat-2.24.so
7f60f03f9000-7f60f03fa000 r--p 00006000 08:08 1707240                    /usr/lib/libnss_compat-2.24.so
7f60f03fa000-7f60f03fb000 rw-p 00007000 08:08 1707240                    /usr/lib/libnss_compat-2.24.so
7f60f03fb000-7f60f0428000 r-xp 00000000 08:08 1091991                    /opt/android-studio/jre/jre/lib/amd64/libjava.so
7f60f0428000-7f60f0627000 ---p 0002d000 08:08 1091991                    /opt/android-studio/jre/jre/lib/amd64/libjava.so
7f60f0627000-7f60f0628000 r--p 0002c000 08:08 1091991                    /opt/android-studio/jre/jre/lib/amd64/libjava.so
7f60f0628000-7f60f062a000 rw-p 0002d000 08:08 1091991                    /opt/android-studio/jre/jre/lib/amd64/libjava.so
7f60f062a000-7f60f063a000 r-xp 00000000 08:08 1091975                    /opt/android-studio/jre/jre/lib/amd64/libverify.so
7f60f063a000-7f60f0839000 ---p 00010000 08:08 1091975                    /opt/android-studio/jre/jre/lib/amd64/libverify.so
7f60f0839000-7f60f083b000 r--p 0000f000 08:08 1091975                    /opt/android-studio/jre/jre/lib/amd64/libverify.so
7f60f083b000-7f60f083c000 rw-p 00011000 08:08 1091975                    /opt/android-studio/jre/jre/lib/amd64/libverify.so
7f60f083c000-7f60f0843000 r-xp 00000000 08:08 1707258                    /usr/lib/librt-2.24.so
7f60f0843000-7f60f0a42000 ---p 00007000 08:08 1707258                    /usr/lib/librt-2.24.so
7f60f0a42000-7f60f0a43000 r--p 00006000 08:08 1707258                    /usr/lib/librt-2.24.so
7f60f0a43000-7f60f0a44000 rw-p 00007000 08:08 1707258                    /usr/lib/librt-2.24.so
7f60f0a44000-7f60f0b47000 r-xp 00000000 08:08 1707255                    /usr/lib/libm-2.24.so
7f60f0b47000-7f60f0d46000 ---p 00103000 08:08 1707255                    /usr/lib/libm-2.24.so
7f60f0d46000-7f60f0d47000 r--p 00102000 08:08 1707255                    /usr/lib/libm-2.24.so
7f60f0d47000-7f60f0d48000 rw-p 00103000 08:08 1707255                    /usr/lib/libm-2.24.so
7f60f0d48000-7f60f192e000 r-xp 00000000 08:08 1092009                    /opt/android-studio/jre/jre/lib/amd64/server/libjvm.so
7f60f192e000-7f60f1b2e000 ---p 00be6000 08:08 1092009                    /opt/android-studio/jre/jre/lib/amd64/server/libjvm.so
7f60f1b2e000-7f60f1bcd000 r--p 00be6000 08:08 1092009                    /opt/android-studio/jre/jre/lib/amd64/server/libjvm.so
7f60f1bcd000-7f60f1bf6000 rw-p 00c85000 08:08 1092009                    /opt/android-studio/jre/jre/lib/amd64/server/libjvm.so
7f60f1bf6000-7f60f1c38000 rw-p 00000000 00:00 0 
7f60f1c38000-7f60f1c50000 r-xp 00000000 08:08 1707147                    /usr/lib/libpthread-2.24.so
7f60f1c50000-7f60f1e4f000 ---p 00018000 08:08 1707147                    /usr/lib/libpthread-2.24.so
7f60f1e4f000-7f60f1e50000 r--p 00017000 08:08 1707147                    /usr/lib/libpthread-2.24.so
7f60f1e50000-7f60f1e51000 rw-p 00018000 08:08 1707147                    /usr/lib/libpthread-2.24.so
7f60f1e51000-7f60f1e55000 rw-p 00000000 00:00 0 
7f60f1e55000-7f60f1e57000 r-xp 00000000 08:08 1707254                    /usr/lib/libdl-2.24.so
7f60f1e57000-7f60f2057000 ---p 00002000 08:08 1707254                    /usr/lib/libdl-2.24.so
7f60f2057000-7f60f2058000 r--p 00002000 08:08 1707254                    /usr/lib/libdl-2.24.so
7f60f2058000-7f60f2059000 rw-p 00003000 08:08 1707254                    /usr/lib/libdl-2.24.so
7f60f2059000-7f60f21ee000 r-xp 00000000 08:08 1707173                    /usr/lib/libc-2.24.so
7f60f21ee000-7f60f23ed000 ---p 00195000 08:08 1707173                    /usr/lib/libc-2.24.so
7f60f23ed000-7f60f23f1000 r--p 00194000 08:08 1707173                    /usr/lib/libc-2.24.so
7f60f23f1000-7f60f23f3000 rw-p 00198000 08:08 1707173                    /usr/lib/libc-2.24.so
7f60f23f3000-7f60f23f7000 rw-p 00000000 00:00 0 
7f60f23f7000-7f60f240d000 r-xp 00000000 08:08 1091875                    /opt/android-studio/jre/lib/amd64/jli/libjli.so
7f60f240d000-7f60f260c000 ---p 00016000 08:08 1091875                    /opt/android-studio/jre/lib/amd64/jli/libjli.so
7f60f260c000-7f60f260d000 r--p 00015000 08:08 1091875                    /opt/android-studio/jre/lib/amd64/jli/libjli.so
7f60f260d000-7f60f260e000 rw-p 00016000 08:08 1091875                    /opt/android-studio/jre/lib/amd64/jli/libjli.so
7f60f260e000-7f60f2631000 r-xp 00000000 08:08 1707172                    /usr/lib/ld-2.24.so
7f60f2631000-7f60f26e9000 rw-p 00000000 00:00 0 
7f60f26e9000-7f60f26ec000 ---p 00000000 00:00 0 
7f60f26ec000-7f60f27ec000 rw-p 00000000 00:00 0 
7f60f27ee000-7f60f27fc000 r--s 000e0000 08:08 1058099                    /opt/android-sdk/build-tools/25.0.0/lib/dx.jar
7f60f27fc000-7f60f2824000 rw-p 00000000 00:00 0 
7f60f2824000-7f60f282c000 rw-s 00000000 00:26 1770112                    /tmp/hsperfdata_jairus/32056
7f60f282c000-7f60f282d000 rw-p 00000000 00:00 0 
7f60f282d000-7f60f282e000 ---p 00000000 00:00 0 
7f60f282e000-7f60f2830000 rw-p 00000000 00:00 0 
7f60f2830000-7f60f2831000 r--p 00022000 08:08 1707172                    /usr/lib/ld-2.24.so
7f60f2831000-7f60f2832000 rw-p 00023000 08:08 1707172                    /usr/lib/ld-2.24.so
7f60f2832000-7f60f2833000 rw-p 00000000 00:00 0 
7ffd447b8000-7ffd447d9000 rw-p 00000000 00:00 0                          [stack]
7ffd447ee000-7ffd447f0000 r--p 00000000 00:00 0                          [vvar]
7ffd447f0000-7ffd447f2000 r-xp 00000000 00:00 0                          [vdso]
ffffffffff600000-ffffffffff601000 r-xp 00000000 00:00 0                  [vsyscall]

VM Arguments:
jvm_args: -Djava.awt.headless=true -Xmx3g -Dfile.encoding=UTF-8 -Duser.country=US -Duser.language=en -Duser.variant 
java_command: com.android.dx.command.Main --dex --num-threads=4 --multi-dex --main-dex-list /home/jairus/AndroidStudioProjects/TeacherAICA/app/build/intermediates/multi-dex/debug/maindexlist.txt --output /home/jairus/AndroidStudioProjects/TeacherAICA/app/build/intermediates/transforms/dex/debug/folders/1000/1f/main /home/jairus/AndroidStudioProjects/TeacherAICA/app/build/intermediates/transforms/jarMerging/debug/jars/1/1f/combined.jar
java_class_path (initial): /opt/android-sdk/build-tools/25.0.0/lib/dx.jar
Launcher Type: SUN_STANDARD

Environment Variables:
PATH=/usr/local/bin:/usr/local/sbin:/usr/bin
USERNAME=jairus
LD_LIBRARY_PATH=/opt/android-studio/bin:
SHELL=/bin/zsh
DISPLAY=:0

Signal Handlers:
SIGSEGV: [libjvm.so+0x9daac0], sa_mask[0]=11111111011111111101111111111110, sa_flags=SA_RESTART|SA_SIGINFO
SIGBUS: [libjvm.so+0x9daac0], sa_mask[0]=11111111011111111101111111111110, sa_flags=SA_RESTART|SA_SIGINFO
SIGFPE: [libjvm.so+0x840d90], sa_mask[0]=11111111011111111101111111111110, sa_flags=SA_RESTART|SA_SIGINFO
SIGPIPE: [libjvm.so+0x840d90], sa_mask[0]=11111111011111111101111111111110, sa_flags=SA_RESTART|SA_SIGINFO
SIGXFSZ: [libjvm.so+0x840d90], sa_mask[0]=11111111011111111101111111111110, sa_flags=SA_RESTART|SA_SIGINFO
SIGILL: [libjvm.so+0x840d90], sa_mask[0]=11111111011111111101111111111110, sa_flags=SA_RESTART|SA_SIGINFO
SIGUSR1: SIG_DFL, sa_mask[0]=00000000000000000000000000000000, sa_flags=none
SIGUSR2: [libjvm.so+0x840c60], sa_mask[0]=00100000000000000000000000000000, sa_flags=SA_RESTART|SA_SIGINFO
SIGHUP: [libjvm.so+0x840e50], sa_mask[0]=11111111011111111101111111111110, sa_flags=SA_RESTART|SA_SIGINFO
SIGINT: [libjvm.so+0x840e50], sa_mask[0]=11111111011111111101111111111110, sa_flags=SA_RESTART|SA_SIGINFO
SIGTERM: [libjvm.so+0x840e50], sa_mask[0]=11111111011111111101111111111110, sa_flags=SA_RESTART|SA_SIGINFO
SIGQUIT: [libjvm.so+0x840e50], sa_mask[0]=11111111011111111101111111111110, sa_flags=SA_RESTART|SA_SIGINFO


---------------  S Y S T E M  ---------------

OS:LSB_VERSION=1.4
DISTRIB_ID=Arch
DISTRIB_RELEASE=rolling
DISTRIB_DESCRIPTION="Arch Linux"

uname:Linux 4.8.13-1-ARCH #1 SMP PREEMPT Fri Dec 9 07:24:34 CET 2016 x86_64
libc:glibc 2.24 NPTL 2.24 
rlimit: STACK 8192k, CORE infinity, NPROC 23360, NOFILE 4096, AS infinity
load average:18.63 11.77 7.01

/proc/meminfo:
MemTotal:        6045628 kB
MemFree:          194232 kB
MemAvailable:     118720 kB
Buffers:            1720 kB
Cached:           258632 kB
SwapCached:        48744 kB
Active:          4883624 kB
Inactive:         729936 kB
Active(anon):    4876252 kB
Inactive(anon):   678116 kB
Active(file):       7372 kB
Inactive(file):    51820 kB
Unevictable:          32 kB
Mlocked:              32 kB
SwapTotal:       2097148 kB
SwapFree:          50680 kB
Dirty:                76 kB
Writeback:          7084 kB
AnonPages:       5305344 kB
Mapped:            70264 kB
Shmem:            201080 kB
Slab:              97152 kB
SReclaimable:      51408 kB
SUnreclaim:        45744 kB
KernelStack:       11088 kB
PageTables:        48424 kB
NFS_Unstable:          0 kB
Bounce:                0 kB
WritebackTmp:          0 kB
CommitLimit:     5119960 kB
Committed_AS:   11644720 kB
VmallocTotal:   34359738367 kB
VmallocUsed:           0 kB
VmallocChunk:          0 kB
HardwareCorrupted:     0 kB
AnonHugePages:   1943552 kB
ShmemHugePages:        0 kB
ShmemPmdMapped:        0 kB
HugePages_Total:       0
HugePages_Free:        0
HugePages_Rsvd:        0
HugePages_Surp:        0
Hugepagesize:       2048 kB
DirectMap4k:      190784 kB
DirectMap2M:     6031360 kB
DirectMap1G:     1048576 kB


CPU:total 4 (2 cores per cpu, 2 threads per core) family 6 model 69 stepping 1, cmov, cx8, fxsr, mmx, sse, sse2, sse3, ssse3, sse4.1, sse4.2, popcnt, avx, avx2, aes, clmul, erms, lzcnt, ht, tsc, tscinvbit, bmi1, bmi2

/proc/cpuinfo:
processor	: 0
vendor_id	: GenuineIntel
cpu family	: 6
model		: 69
model name	: Intel(R) Core(TM) i3-4030U CPU @ 1.90GHz
stepping	: 1
microcode	: 0x1c
cpu MHz		: 1269.952
cache size	: 3072 KB
physical id	: 0
siblings	: 4
core id		: 0
cpu cores	: 2
apicid		: 0
initial apicid	: 0
fpu		: yes
fpu_exception	: yes
cpuid level	: 13
wp		: yes
flags		: fpu vme de pse tsc msr pae mce cx8 apic sep mtrr pge mca cmov pat pse36 clflush dts acpi mmx fxsr sse sse2 ss ht tm pbe syscall nx pdpe1gb rdtscp lm constant_tsc arch_perfmon pebs bts rep_good nopl xtopology nonstop_tsc aperfmperf eagerfpu pni pclmulqdq dtes64 monitor ds_cpl vmx est tm2 ssse3 sdbg fma cx16 xtpr pdcm pcid sse4_1 sse4_2 x2apic movbe popcnt tsc_deadline_timer aes xsave avx f16c rdrand lahf_lm abm epb tpr_shadow vnmi flexpriority ept vpid fsgsbase tsc_adjust bmi1 avx2 smep bmi2 erms invpcid xsaveopt dtherm ida arat pln pts
bugs		:
bogomips	: 3792.22
clflush size	: 64
cache_alignment	: 64
address sizes	: 39 bits physical, 48 bits virtual
power management:

processor	: 1
vendor_id	: GenuineIntel
cpu family	: 6
model		: 69
model name	: Intel(R) Core(TM) i3-4030U CPU @ 1.90GHz
stepping	: 1
microcode	: 0x1c
cpu MHz		: 1169.293
cache size	: 3072 KB
physical id	: 0
siblings	: 4
core id		: 0
cpu cores	: 2
apicid		: 1
initial apicid	: 1
fpu		: yes
fpu_exception	: yes
cpuid level	: 13
wp		: yes
flags		: fpu vme de pse tsc msr pae mce cx8 apic sep mtrr pge mca cmov pat pse36 clflush dts acpi mmx fxsr sse sse2 ss ht tm pbe syscall nx pdpe1gb rdtscp lm constant_tsc arch_perfmon pebs bts rep_good nopl xtopology nonstop_tsc aperfmperf eagerfpu pni pclmulqdq dtes64 monitor ds_cpl vmx est tm2 ssse3 sdbg fma cx16 xtpr pdcm pcid sse4_1 sse4_2 x2apic movbe popcnt tsc_deadline_timer aes xsave avx f16c rdrand lahf_lm abm epb tpr_shadow vnmi flexpriority ept vpid fsgsbase tsc_adjust bmi1 avx2 smep bmi2 erms invpcid xsaveopt dtherm ida arat pln pts
bugs		:
bogomips	: 3794.12
clflush size	: 64
cache_alignment	: 64
address sizes	: 39 bits physical, 48 bits virtual
power management:

processor	: 2
vendor_id	: GenuineIntel
cpu family	: 6
model		: 69
model name	: Intel(R) Core(TM) i3-4030U CPU @ 1.90GHz
stepping	: 1
microcode	: 0x1c
cpu MHz		: 1788.092
cache size	: 3072 KB
physical id	: 0
siblings	: 4
core id		: 1
cpu cores	: 2
apicid		: 2
initial apicid	: 2
fpu		: yes
fpu_exception	: yes
cpuid level	: 13
wp		: yes
flags		: fpu vme de pse tsc msr pae mce cx8 apic sep mtrr pge mca cmov pat pse36 clflush dts acpi mmx fxsr sse sse2 ss ht tm pbe syscall nx pdpe1gb rdtscp lm constant_tsc arch_perfmon pebs bts rep_good nopl xtopology nonstop_tsc aperfmperf eagerfpu pni pclmulqdq dtes64 monitor ds_cpl vmx est tm2 ssse3 sdbg fma cx16 xtpr pdcm pcid sse4_1 sse4_2 x2apic movbe popcnt tsc_deadline_timer aes xsave avx f16c rdrand lahf_lm abm epb tpr_shadow vnmi flexpriority ept vpid fsgsbase tsc_adjust bmi1 avx2 smep bmi2 erms invpcid xsaveopt dtherm ida arat pln pts
bugs		:
bogomips	: 3794.70
clflush size	: 64
cache_alignment	: 64
address sizes	: 39 bits physical, 48 bits virtual
power management:

processor	: 3
vendor_id	: GenuineIntel
cpu family	: 6
model		: 69
model name	: Intel(R) Core(TM) i3-4030U CPU @ 1.90GHz
stepping	: 1
microcode	: 0x1c
cpu MHz		: 946.636
cache size	: 3072 KB
physical id	: 0
siblings	: 4
core id		: 1
cpu cores	: 2
apicid		: 3
initial apicid	: 3
fpu		: yes
fpu_exception	: yes
cpuid level	: 13
wp		: yes
flags		: fpu vme de pse tsc msr pae mce cx8 apic sep mtrr pge mca cmov pat pse36 clflush dts acpi mmx fxsr sse sse2 ss ht tm pbe syscall nx pdpe1gb rdtscp lm constant_tsc arch_perfmon pebs bts rep_good nopl xtopology nonstop_tsc aperfmperf eagerfpu pni pclmulqdq dtes64 monitor ds_cpl vmx est tm2 ssse3 sdbg fma cx16 xtpr pdcm pcid sse4_1 sse4_2 x2apic movbe popcnt tsc_deadline_timer aes xsave avx f16c rdrand lahf_lm abm epb tpr_shadow vnmi flexpriority ept vpid fsgsbase tsc_adjust bmi1 avx2 smep bmi2 erms invpcid xsaveopt dtherm ida arat pln pts
bugs		:
bogomips	: 3794.71
clflush size	: 64
cache_alignment	: 64
address sizes	: 39 bits physical, 48 bits virtual
power management:



Memory: 4k page, physical 6045628k(194232k free), swap 2097148k(50680k free)

vm_info: OpenJDK 64-Bit Server VM (25.76-b03) for linux-amd64 JRE (1.8.0_76-release-b03), built on Jun 29 2016 09:39:19 by "builder" with gcc 4.8.4

time: Mon Jan 16 03:54:08 2017
elapsed time: 138 seconds (0d 0h 2m 18s)

