#
# There is insufficient memory for the Java Runtime Environment to continue.
# Native memory allocation (mmap) failed to map 369623040 bytes for committing reserved memory.
# Possible reasons:
#   The system is out of physical RAM or swap space
#   In 32 bit mode, the process size limit was hit
# Possible solutions:
#   Reduce memory load on the system
#   Increase physical memory or swap space
#   Check if swap backing store is full
#   Use 64 bit Java on a 64 bit OS
#   Decrease Java heap size (-Xmx/-Xms)
#   Decrease number of Java threads
#   Decrease Java thread stack sizes (-Xss)
#   Set larger code cache with -XX:ReservedCodeCacheSize=
# This output file may be truncated or incomplete.
#
#  Out of Memory Error (os_linux.cpp:2627), pid=17859, tid=0x00007f98c6fc1700
#
# JRE version: OpenJDK Runtime Environment (8.0_76-b03) (build 1.8.0_76-release-b03)
# Java VM: OpenJDK 64-Bit Server VM (25.76-b03 mixed mode linux-amd64 compressed oops)
# Core dump written. Default location: /home/jairus/AndroidStudioProjects/TeacherAICA/app/core or core.17859
#

---------------  T H R E A D  ---------------

Current thread (0x00007f98dc077800):  VMThread [stack: 0x00007f98c6ec1000,0x00007f98c6fc2000] [id=17869]

Stack: [0x00007f98c6ec1000,0x00007f98c6fc2000],  sp=0x00007f98c6fc04d0,  free space=1021k
Native frames: (J=compiled Java code, j=interpreted, Vv=VM code, C=native code)
V  [libjvm.so+0x9d9fcd]  VMError::report_and_die()+0x15d
V  [libjvm.so+0x4b4d4a]  report_vm_out_of_memory(char const*, int, unsigned long, VMErrorType, char const*)+0x8a
V  [libjvm.so+0x845190]  os::pd_commit_memory(char*, unsigned long, unsigned long, bool)+0xf0
V  [libjvm.so+0x83fcbf]  os::commit_memory(char*, unsigned long, unsigned long, bool)+0x1f
V  [libjvm.so+0x8b4d9b]  PSVirtualSpace::expand_by(unsigned long)+0x5b
V  [libjvm.so+0x8a5b7b]  PSOldGen::expand_by(unsigned long) [clone .part.109]+0x1b
V  [libjvm.so+0x8a5d3b]  PSOldGen::expand(unsigned long) [clone .part.111]+0xdb
V  [libjvm.so+0x8a6618]  PSOldGen::resize(unsigned long)+0x188
V  [libjvm.so+0x8abc2c]  PSParallelCompact::invoke_no_policy(bool)+0x97c
V  [libjvm.so+0x8b2d3d]  PSScavenge::invoke()+0x17d
V  [libjvm.so+0x8681f3]  ParallelScavengeHeap::failed_mem_allocate(unsigned long)+0x63
V  [libjvm.so+0x9dba94]  VM_ParallelGCFailedAllocation::doit()+0x84
V  [libjvm.so+0x9dfe47]  VM_Operation::evaluate()+0x47
V  [libjvm.so+0x9de908]  VMThread::evaluate_operation(VM_Operation*)+0x2c8
V  [libjvm.so+0x9ded89]  VMThread::loop()+0x219
V  [libjvm.so+0x9df1d2]  VMThread::run()+0x72
V  [libjvm.so+0x8425b2]  java_start(Thread*)+0xf2

VM_Operation (0x00007f98c647c150): ParallelGCFailedAllocation, mode: safepoint, requested by thread 0x00007f98dc175800


---------------  P R O C E S S  ---------------

Java Threads: ( => current thread )
  0x00007f98dc17b800 JavaThread "pool-2-thread-4" [_thread_blocked, id=17882, stack(0x00007f98c5f79000,0x00007f98c607a000)]
  0x00007f98dc17a000 JavaThread "pool-2-thread-3" [_thread_blocked, id=17881, stack(0x00007f98c607a000,0x00007f98c617b000)]
  0x00007f98dc178800 JavaThread "pool-2-thread-2" [_thread_blocked, id=17880, stack(0x00007f98c617b000,0x00007f98c627c000)]
  0x00007f98dc176800 JavaThread "pool-3-thread-1" [_thread_blocked, id=17879, stack(0x00007f98c627c000,0x00007f98c637d000)]
  0x00007f98dc175800 JavaThread "pool-2-thread-1" [_thread_blocked, id=17878, stack(0x00007f98c637d000,0x00007f98c647e000)]
  0x00007f98dc0bf800 JavaThread "Service Thread" daemon [_thread_blocked, id=17876, stack(0x00007f98c6622000,0x00007f98c6723000)]
  0x00007f98dc0bc800 JavaThread "C1 CompilerThread2" daemon [_thread_blocked, id=17875, stack(0x00007f98c6723000,0x00007f98c6824000)]
  0x00007f98dc0ba800 JavaThread "C2 CompilerThread1" daemon [_thread_blocked, id=17874, stack(0x00007f98c6824000,0x00007f98c6925000)]
  0x00007f98dc0b7800 JavaThread "C2 CompilerThread0" daemon [_thread_blocked, id=17873, stack(0x00007f98c6925000,0x00007f98c6a26000)]
  0x00007f98dc0b6800 JavaThread "Signal Dispatcher" daemon [_thread_blocked, id=17872, stack(0x00007f98c6a26000,0x00007f98c6b27000)]
  0x00007f98dc083800 JavaThread "Finalizer" daemon [_thread_blocked, id=17871, stack(0x00007f98c6cbf000,0x00007f98c6dc0000)]
  0x00007f98dc07f000 JavaThread "Reference Handler" daemon [_thread_blocked, id=17870, stack(0x00007f98c6dc0000,0x00007f98c6ec1000)]
  0x00007f98dc00a000 JavaThread "main" [_thread_blocked, id=17864, stack(0x00007f98e3f0d000,0x00007f98e400e000)]

Other Threads:
=>0x00007f98dc077800 VMThread [stack: 0x00007f98c6ec1000,0x00007f98c6fc2000] [id=17869]
  0x00007f98dc0c2000 WatcherThread [stack: 0x00007f98c6521000,0x00007f98c6622000] [id=17877]

VM state:at safepoint (normal execution)

VM Mutex/Monitor currently owned by a thread:  ([mutex/lock_event])
[0x00007f98dc005f20] ExpandHeap_lock - owner thread: 0x00007f98dc077800
[0x00007f98dc0065a0] Threads_lock - owner thread: 0x00007f98dc077800
[0x00007f98dc006aa0] Heap_lock - owner thread: 0x00007f98dc175800

Heap:
 PSYoungGen      total 713216K, used 0K [0x0000000780000000, 0x00000007c0000000, 0x00000007c0000000)
  eden space 507904K, 0% used [0x0000000780000000,0x0000000780000000,0x000000079f000000)
  from space 205312K, 0% used [0x000000079f000000,0x000000079f000000,0x00000007ab880000)
  to   space 283648K, 0% used [0x00000007aeb00000,0x00000007aeb00000,0x00000007c0000000)
 ParOldGen       total 1400832K, used 1382998K [0x0000000700000000, 0x0000000755800000, 0x0000000780000000)
  object space 1400832K, 98% used [0x0000000700000000,0x0000000754695888,0x0000000755800000)
 Metaspace       used 6381K, capacity 7280K, committed 7552K, reserved 1056768K
  class space    used 584K, capacity 616K, committed 640K, reserved 1048576K

Card table byte_map: [0x00007f98e0804000,0x00007f98e0e05000] byte_map_base: 0x00007f98dd004000

Marking Bits: (ParMarkBitMap*) 0x00007f98e342f1a0
 Begin Bits: [0x00007f98b2000000, 0x00007f98b5000000)
 End Bits:   [0x00007f98b5000000, 0x00007f98b8000000)

Polling page: 0x00007f98e4051000

CodeCache: size=245760Kb used=13134Kb max_used=13231Kb free=232626Kb
 bounds [0x00007f98cd000000, 0x00007f98cdd10000, 0x00007f98dc000000]
 total_blobs=2768 nmethods=2506 adapters=176
 compilation: enabled

Compilation events (10 events):
Event: 283.353 Thread 0x00007f98dc0ba800 3100       4       com.android.dx.cf.cst.ConstantPoolParser::parse (365 bytes)
Event: 283.555 Thread 0x00007f98dc0ba800 nmethod 3100 0x00007f98cd6eb310 code [0x00007f98cd6eb5a0, 0x00007f98cd6ebc68]
Event: 283.659 Thread 0x00007f98dc0b7800 3102       4       java.util.zip.Inflater::ensureOpen (47 bytes)
Event: 283.660 Thread 0x00007f98dc0b7800 nmethod 3102 0x00007f98cd98c810 code [0x00007f98cd98c960, 0x00007f98cd98c9f8]
Event: 284.314 Thread 0x00007f98dc0bc800 3103       3       java.util.HashMap::treeifyBin (110 bytes)
Event: 284.314 Thread 0x00007f98dc0bc800 nmethod 3103 0x00007f98cd4cc010 code [0x00007f98cd4cc1e0, 0x00007f98cd4cc968]
Event: 298.438 Thread 0x00007f98dc0bc800 3104       3       com.android.dx.util.LabeledList::getMaxLabel (47 bytes)
Event: 298.439 Thread 0x00007f98dc0bc800 nmethod 3104 0x00007f98cd63b950 code [0x00007f98cd63bae0, 0x00007f98cd63bf58]
Event: 301.596 Thread 0x00007f98dc0bc800 3105  s    3       com.android.dx.dex.file.MethodIdsSection::intern (55 bytes)
Event: 301.947 Thread 0x00007f98dc0bc800 nmethod 3105 0x00007f98cd6e9c90 code [0x00007f98cd6e9ec0, 0x00007f98cd6eabe8]

GC Heap History (10 events):
Event: 284.210 GC heap after
Heap after GC invocations=41 (full 7):
 PSYoungGen      total 776704K, used 129734K [0x0000000780000000, 0x00000007bf400000, 0x00000007c0000000)
  eden space 521728K, 0% used [0x0000000780000000,0x0000000780000000,0x000000079fd80000)
  from space 254976K, 50% used [0x000000079fd80000,0x00000007a7c31a90,0x00000007af680000)
  to   space 246784K, 0% used [0x00000007b0300000,0x00000007b0300000,0x00000007bf400000)
 ParOldGen       total 1272320K, used 1095379K [0x0000000700000000, 0x000000074da80000, 0x0000000780000000)
  object space 1272320K, 86% used [0x0000000700000000,0x0000000742db4c18,0x000000074da80000)
 Metaspace       used 6381K, capacity 7280K, committed 7552K, reserved 1056768K
  class space    used 584K, capacity 616K, committed 640K, reserved 1048576K
}
Event: 285.243 GC heap before
{Heap before GC invocations=42 (full 7):
 PSYoungGen      total 776704K, used 651462K [0x0000000780000000, 0x00000007bf400000, 0x00000007c0000000)
  eden space 521728K, 100% used [0x0000000780000000,0x000000079fd80000,0x000000079fd80000)
  from space 254976K, 50% used [0x000000079fd80000,0x00000007a7c31a90,0x00000007af680000)
  to   space 246784K, 0% used [0x00000007b0300000,0x00000007b0300000,0x00000007bf400000)
 ParOldGen       total 1272320K, used 1095379K [0x0000000700000000, 0x000000074da80000, 0x0000000780000000)
  object space 1272320K, 86% used [0x0000000700000000,0x0000000742db4c18,0x000000074da80000)
 Metaspace       used 6381K, capacity 7280K, committed 7552K, reserved 1056768K
  class space    used 584K, capacity 616K, committed 640K, reserved 1048576K
Event: 298.180 GC heap after
Heap after GC invocations=42 (full 7):
 PSYoungGen      total 783872K, used 165827K [0x0000000780000000, 0x00000007c0000000, 0x00000007c0000000)
  eden space 537088K, 0% used [0x0000000780000000,0x0000000780000000,0x00000007a0c80000)
  from space 246784K, 67% used [0x00000007b0300000,0x00000007ba4f0df0,0x00000007bf400000)
  to   space 252416K, 0% used [0x00000007a0c80000,0x00000007a0c80000,0x00000007b0300000)
 ParOldGen       total 1272320K, used 1144629K [0x0000000700000000, 0x000000074da80000, 0x0000000780000000)
  object space 1272320K, 89% used [0x0000000700000000,0x0000000745dcd678,0x000000074da80000)
 Metaspace       used 6381K, capacity 7280K, committed 7552K, reserved 1056768K
  class space    used 584K, capacity 616K, committed 640K, reserved 1048576K
}
Event: 299.081 GC heap before
{Heap before GC invocations=43 (full 7):
 PSYoungGen      total 783872K, used 702915K [0x0000000780000000, 0x00000007c0000000, 0x00000007c0000000)
  eden space 537088K, 100% used [0x0000000780000000,0x00000007a0c80000,0x00000007a0c80000)
  from space 246784K, 67% used [0x00000007b0300000,0x00000007ba4f0df0,0x00000007bf400000)
  to   space 252416K, 0% used [0x00000007a0c80000,0x00000007a0c80000,0x00000007b0300000)
 ParOldGen       total 1272320K, used 1144629K [0x0000000700000000, 0x000000074da80000, 0x0000000780000000)
  object space 1272320K, 89% used [0x0000000700000000,0x0000000745dcd678,0x000000074da80000)
 Metaspace       used 6381K, capacity 7280K, committed 7552K, reserved 1056768K
  class space    used 584K, capacity 616K, committed 640K, reserved 1048576K
Event: 301.329 GC heap after
Heap after GC invocations=43 (full 7):
 PSYoungGen      total 789504K, used 139107K [0x0000000780000000, 0x00000007bf880000, 0x00000007c0000000)
  eden space 537088K, 0% used [0x0000000780000000,0x0000000780000000,0x00000007a0c80000)
  from space 252416K, 55% used [0x00000007a0c80000,0x00000007a9458e88,0x00000007b0300000)
  to   space 245760K, 0% used [0x00000007b0880000,0x00000007b0880000,0x00000007bf880000)
 ParOldGen       total 1272320K, used 1152982K [0x0000000700000000, 0x000000074da80000, 0x0000000780000000)
  object space 1272320K, 90% used [0x0000000700000000,0x00000007465f5928,0x000000074da80000)
 Metaspace       used 6381K, capacity 7280K, committed 7552K, reserved 1056768K
  class space    used 584K, capacity 616K, committed 640K, reserved 1048576K
}
Event: 304.287 GC heap before
{Heap before GC invocations=44 (full 7):
 PSYoungGen      total 789504K, used 676195K [0x0000000780000000, 0x00000007bf880000, 0x00000007c0000000)
  eden space 537088K, 100% used [0x0000000780000000,0x00000007a0c80000,0x00000007a0c80000)
  from space 252416K, 55% used [0x00000007a0c80000,0x00000007a9458e88,0x00000007b0300000)
  to   space 245760K, 0% used [0x00000007b0880000,0x00000007b0880000,0x00000007bf880000)
 ParOldGen       total 1272320K, used 1152982K [0x0000000700000000, 0x000000074da80000, 0x0000000780000000)
  object space 1272320K, 90% used [0x0000000700000000,0x00000007465f5928,0x000000074da80000)
 Metaspace       used 6381K, capacity 7280K, committed 7552K, reserved 1056768K
  class space    used 584K, capacity 616K, committed 640K, reserved 1048576K
Event: 309.376 GC heap after
Heap after GC invocations=44 (full 7):
 PSYoungGen      total 753664K, used 221816K [0x0000000780000000, 0x00000007c0000000, 0x00000007c0000000)
  eden space 507904K, 0% used [0x0000000780000000,0x0000000780000000,0x000000079f000000)
  from space 245760K, 90% used [0x00000007b0880000,0x00000007be11e260,0x00000007bf880000)
  to   space 270336K, 0% used [0x000000079f000000,0x000000079f000000,0x00000007af800000)
 ParOldGen       total 1272320K, used 1176582K [0x0000000700000000, 0x000000074da80000, 0x0000000780000000)
  object space 1272320K, 92% used [0x0000000700000000,0x0000000747d018e8,0x000000074da80000)
 Metaspace       used 6381K, capacity 7280K, committed 7552K, reserved 1056768K
  class space    used 584K, capacity 616K, committed 640K, reserved 1048576K
}
Event: 310.107 GC heap before
{Heap before GC invocations=45 (full 7):
 PSYoungGen      total 753664K, used 729720K [0x0000000780000000, 0x00000007c0000000, 0x00000007c0000000)
  eden space 507904K, 100% used [0x0000000780000000,0x000000079f000000,0x000000079f000000)
  from space 245760K, 90% used [0x00000007b0880000,0x00000007be11e260,0x00000007bf880000)
  to   space 270336K, 0% used [0x000000079f000000,0x000000079f000000,0x00000007af800000)
 ParOldGen       total 1272320K, used 1176582K [0x0000000700000000, 0x000000074da80000, 0x0000000780000000)
  object space 1272320K, 92% used [0x0000000700000000,0x0000000747d018e8,0x000000074da80000)
 Metaspace       used 6381K, capacity 7280K, committed 7552K, reserved 1056768K
  class space    used 584K, capacity 616K, committed 640K, reserved 1048576K
Event: 361.641 GC heap after
Heap after GC invocations=45 (full 7):
 PSYoungGen      total 713216K, used 204990K [0x0000000780000000, 0x00000007c0000000, 0x00000007c0000000)
  eden space 507904K, 0% used [0x0000000780000000,0x0000000780000000,0x000000079f000000)
  from space 205312K, 99% used [0x000000079f000000,0x00000007ab82f958,0x00000007ab880000)
  to   space 283648K, 0% used [0x00000007aeb00000,0x00000007aeb00000,0x00000007c0000000)
 ParOldGen       total 1400832K, used 1399844K [0x0000000700000000, 0x0000000755800000, 0x0000000780000000)
  object space 1400832K, 99% used [0x0000000700000000,0x00000007557091f8,0x0000000755800000)
 Metaspace       used 6381K, capacity 7280K, committed 7552K, reserved 1056768K
  class space    used 584K, capacity 616K, committed 640K, reserved 1048576K
}
Event: 361.717 GC heap before
{Heap before GC invocations=46 (full 8):
 PSYoungGen      total 713216K, used 204990K [0x0000000780000000, 0x00000007c0000000, 0x00000007c0000000)
  eden space 507904K, 0% used [0x0000000780000000,0x0000000780000000,0x000000079f000000)
  from space 205312K, 99% used [0x000000079f000000,0x00000007ab82f958,0x00000007ab880000)
  to   space 283648K, 0% used [0x00000007aeb00000,0x00000007aeb00000,0x00000007c0000000)
 ParOldGen       total 1400832K, used 1399844K [0x0000000700000000, 0x0000000755800000, 0x0000000780000000)
  object space 1400832K, 99% used [0x0000000700000000,0x00000007557091f8,0x0000000755800000)
 Metaspace       used 6381K, capacity 7280K, committed 7552K, reserved 1056768K
  class space    used 584K, capacity 616K, committed 640K, reserved 1048576K

Deoptimization events (10 events):
Event: 45.009 Thread 0x00007f98dc17a000 Uncommon trap: reason=class_check action=maybe_recompile pc=0x00007f98cd5b0878 method=com.android.dx.ssa.back.InterferenceGraph.add(II)V @ 19
Event: 45.009 Thread 0x00007f98dc17a000 Uncommon trap: reason=class_check action=maybe_recompile pc=0x00007f98cd5b0878 method=com.android.dx.ssa.back.InterferenceGraph.add(II)V @ 19
Event: 45.009 Thread 0x00007f98dc17a000 Uncommon trap: reason=class_check action=maybe_recompile pc=0x00007f98cd5b0878 method=com.android.dx.ssa.back.InterferenceGraph.add(II)V @ 19
Event: 45.009 Thread 0x00007f98dc17a000 Uncommon trap: reason=class_check action=maybe_recompile pc=0x00007f98cd5b0878 method=com.android.dx.ssa.back.InterferenceGraph.add(II)V @ 19
Event: 45.009 Thread 0x00007f98dc17a000 Uncommon trap: reason=class_check action=maybe_recompile pc=0x00007f98cd411e7c method=com.android.dx.ssa.back.InterferenceGraph.add(II)V @ 19
Event: 45.084 Thread 0x00007f98dc17a000 Uncommon trap: reason=unstable_if action=reinterpret pc=0x00007f98cd682e04 method=com.android.dx.util.BitIntSet.merge(Lcom/android/dx/util/IntSet;)V @ 60
Event: 45.084 Thread 0x00007f98dc17a000 Uncommon trap: reason=unstable_if action=reinterpret pc=0x00007f98cd57ecf8 method=com.android.dx.util.BitIntSet.merge(Lcom/android/dx/util/IntSet;)V @ 60
Event: 45.536 Thread 0x00007f98dc17a000 Uncommon trap: reason=class_check action=maybe_recompile pc=0x00007f98cd569c3c method=com.android.dx.ssa.SsaConverter.placePhiFunctions(Lcom/android/dx/ssa/SsaMethod;Lcom/android/dx/ssa/LocalVariableInfo;I)V @ 257
Event: 45.966 Thread 0x00007f98dc00a000 Uncommon trap: reason=class_check action=maybe_recompile pc=0x00007f98cdb16f04 method=com.android.dx.ssa.SsaConverter.placePhiFunctions(Lcom/android/dx/ssa/SsaMethod;Lcom/android/dx/ssa/LocalVariableInfo;I)V @ 257
Event: 46.186 Thread 0x00007f98dc00a000 Uncommon trap: reason=class_check action=maybe_recompile pc=0x00007f98cdbd5828 method=com.android.dx.ssa.SsaConverter.placePhiFunctions(Lcom/android/dx/ssa/SsaMethod;Lcom/android/dx/ssa/LocalVariableInfo;I)V @ 257

Internal exceptions (10 events):
Event: 1.019 Thread 0x00007f98dc17b800 Implicit null exception at 0x00007f98cd300b73 to 0x00007f98cd303595
Event: 1.203 Thread 0x00007f98dc00a000 Implicit null exception at 0x00007f98cd33c250 to 0x00007f98cd33eb75
Event: 1.579 Thread 0x00007f98dc178800 Exception <a 'java/lang/ArrayIndexOutOfBoundsException': 18> (0x0000000780871080) thrown at [/ssd/Android/AOSP-openjdk/external/jetbrains/jdk/hotspot/src/share/vm/interpreter/interpreterRuntime.cpp, line 366]
Event: 1.579 Thread 0x00007f98dc178800 Exception <a 'java/lang/ArrayIndexOutOfBoundsException': 145> (0x0000000780872c00) thrown at [/ssd/Android/AOSP-openjdk/external/jetbrains/jdk/hotspot/src/share/vm/interpreter/interpreterRuntime.cpp, line 366]
Event: 1.603 Thread 0x00007f98dc178800 Exception <a 'java/lang/ArrayIndexOutOfBoundsException'> (0x0000000780873ee8) thrown at [/ssd/Android/AOSP-openjdk/external/jetbrains/jdk/hotspot/src/share/vm/runtime/sharedRuntime.cpp, line 605]
Event: 12.964 Thread 0x00007f98dc175800 Implicit null exception at 0x00007f98cda2b2b9 to 0x00007f98cda2e669
Event: 12.979 Thread 0x00007f98dc175800 Implicit null exception at 0x00007f98cd5d420b to 0x00007f98cd5d43e1
Event: 29.352 Thread 0x00007f98dc175800 Implicit null exception at 0x00007f98cd429a6b to 0x00007f98cd42a011
Event: 29.411 Thread 0x00007f98dc175800 Implicit null exception at 0x00007f98cd5df90f to 0x00007f98cd5dfd91
Event: 29.411 Thread 0x00007f98dc175800 Implicit null exception at 0x00007f98cd473552 to 0x00007f98cd4739ad

Events (10 events):
Event: 285.240 Executing VM operation: ParallelGCFailedAllocation
Event: 298.180 Executing VM operation: ParallelGCFailedAllocation done
Event: 298.439 Thread 0x00007f98dc0bc800 flushing nmethod 0x00007f98cd402ed0
Event: 298.439 Thread 0x00007f98dc0bc800 flushing nmethod 0x00007f98cd4d2150
Event: 299.080 Executing VM operation: ParallelGCFailedAllocation
Event: 301.329 Executing VM operation: ParallelGCFailedAllocation done
Event: 301.947 Thread 0x00007f98dc0bc800 flushing nmethod 0x00007f98cd503310
Event: 304.286 Executing VM operation: ParallelGCFailedAllocation
Event: 309.376 Executing VM operation: ParallelGCFailedAllocation done
Event: 310.103 Executing VM operation: ParallelGCFailedAllocation


Dynamic libraries:
00400000-00401000 r-xp 00000000 08:08 1091894                            /opt/android-studio/jre/bin/java
00600000-00601000 r--p 00000000 08:08 1091894                            /opt/android-studio/jre/bin/java
00601000-00602000 rw-p 00001000 08:08 1091894                            /opt/android-studio/jre/bin/java
01a10000-01a31000 rw-p 00000000 00:00 0                                  [heap]
700000000-755800000 rw-p 00000000 00:00 0 
76b880000-780000000 ---p 00000000 00:00 0 
780000000-7c0000000 rw-p 00000000 00:00 0 
7c0000000-7c00a0000 rw-p 00000000 00:00 0 
7c00a0000-800000000 ---p 00000000 00:00 0 
7f9874000000-7f987406e000 rw-p 00000000 00:00 0 
7f987406e000-7f9878000000 ---p 00000000 00:00 0 
7f987c000000-7f987c04a000 rw-p 00000000 00:00 0 
7f987c04a000-7f9880000000 ---p 00000000 00:00 0 
7f9880000000-7f9880035000 rw-p 00000000 00:00 0 
7f9880035000-7f9884000000 ---p 00000000 00:00 0 
7f9884000000-7f9884047000 rw-p 00000000 00:00 0 
7f9884047000-7f9888000000 ---p 00000000 00:00 0 
7f9888000000-7f9888021000 rw-p 00000000 00:00 0 
7f9888021000-7f988c000000 ---p 00000000 00:00 0 
7f988c000000-7f988c021000 rw-p 00000000 00:00 0 
7f988c021000-7f9890000000 ---p 00000000 00:00 0 
7f9890000000-7f9890021000 rw-p 00000000 00:00 0 
7f9890021000-7f9894000000 ---p 00000000 00:00 0 
7f9894000000-7f9895a70000 rw-p 00000000 00:00 0 
7f9895a70000-7f9898000000 ---p 00000000 00:00 0 
7f9898000000-7f9898a26000 rw-p 00000000 00:00 0 
7f9898a26000-7f989c000000 ---p 00000000 00:00 0 
7f989c000000-7f989c021000 rw-p 00000000 00:00 0 
7f989c021000-7f98a0000000 ---p 00000000 00:00 0 
7f98a0000000-7f98a2638000 rw-p 00000000 00:00 0 
7f98a2638000-7f98a4000000 ---p 00000000 00:00 0 
7f98a4000000-7f98a4021000 rw-p 00000000 00:00 0 
7f98a4021000-7f98a8000000 ---p 00000000 00:00 0 
7f98a8000000-7f98a8021000 rw-p 00000000 00:00 0 
7f98a8021000-7f98ac000000 ---p 00000000 00:00 0 
7f98ac000000-7f98ac298000 rw-p 00000000 00:00 0 
7f98ac298000-7f98b0000000 ---p 00000000 00:00 0 
7f98b2000000-7f98b8000000 rw-p 00000000 00:00 0 
7f98b8000000-7f98b8021000 rw-p 00000000 00:00 0 
7f98b8021000-7f98bc000000 ---p 00000000 00:00 0 
7f98bc000000-7f98bc021000 rw-p 00000000 00:00 0 
7f98bc021000-7f98c0000000 ---p 00000000 00:00 0 
7f98c0000000-7f98c0021000 rw-p 00000000 00:00 0 
7f98c0021000-7f98c4000000 ---p 00000000 00:00 0 
7f98c5f79000-7f98c5f7c000 ---p 00000000 00:00 0 
7f98c5f7c000-7f98c607a000 rw-p 00000000 00:00 0 
7f98c607a000-7f98c607d000 ---p 00000000 00:00 0 
7f98c607d000-7f98c617b000 rw-p 00000000 00:00 0 
7f98c617b000-7f98c617e000 ---p 00000000 00:00 0 
7f98c617e000-7f98c627c000 rw-p 00000000 00:00 0 
7f98c627c000-7f98c627f000 ---p 00000000 00:00 0 
7f98c627f000-7f98c637d000 rw-p 00000000 00:00 0 
7f98c637d000-7f98c6380000 ---p 00000000 00:00 0 
7f98c6380000-7f98c647e000 rw-p 00000000 00:00 0 
7f98c647e000-7f98c6521000 r--s 008df000 08:08 3294942                    /home/jairus/AndroidStudioProjects/TeacherAICA/app/build/intermediates/transforms/jarMerging/debug/jars/1/1f/combined.jar
7f98c6521000-7f98c6522000 ---p 00000000 00:00 0 
7f98c6522000-7f98c6622000 rw-p 00000000 00:00 0 
7f98c6622000-7f98c6625000 ---p 00000000 00:00 0 
7f98c6625000-7f98c6723000 rw-p 00000000 00:00 0 
7f98c6723000-7f98c6726000 ---p 00000000 00:00 0 
7f98c6726000-7f98c6824000 rw-p 00000000 00:00 0 
7f98c6824000-7f98c6827000 ---p 00000000 00:00 0 
7f98c6827000-7f98c6925000 rw-p 00000000 00:00 0 
7f98c6925000-7f98c6928000 ---p 00000000 00:00 0 
7f98c6928000-7f98c6a26000 rw-p 00000000 00:00 0 
7f98c6a26000-7f98c6a29000 ---p 00000000 00:00 0 
7f98c6a29000-7f98c6b27000 rw-p 00000000 00:00 0 
7f98c6b27000-7f98c6cbf000 r--p 00000000 08:08 1756744                    /usr/lib/locale/locale-archive
7f98c6cbf000-7f98c6cc2000 ---p 00000000 00:00 0 
7f98c6cc2000-7f98c6dc0000 rw-p 00000000 00:00 0 
7f98c6dc0000-7f98c6dc3000 ---p 00000000 00:00 0 
7f98c6dc3000-7f98c6ec1000 rw-p 00000000 00:00 0 
7f98c6ec1000-7f98c6ec2000 ---p 00000000 00:00 0 
7f98c6ec2000-7f98c7e33000 rw-p 00000000 00:00 0 
7f98c7e33000-7f98c8000000 r--s 03bec000 08:08 1091932                    /opt/android-studio/jre/jre/lib/rt.jar
7f98c8000000-7f98c802e000 rw-p 00000000 00:00 0 
7f98c802e000-7f98cc000000 ---p 00000000 00:00 0 
7f98cc01b000-7f98cc8c0000 rw-p 00000000 00:00 0 
7f98cc8c0000-7f98cca00000 ---p 00000000 00:00 0 
7f98cca00000-7f98cd000000 rw-p 00000000 00:00 0 
7f98cd000000-7f98cdd10000 rwxp 00000000 00:00 0 
7f98cdd10000-7f98dc000000 ---p 00000000 00:00 0 
7f98dc000000-7f98dc3b2000 rw-p 00000000 00:00 0 
7f98dc3b2000-7f98e0000000 ---p 00000000 00:00 0 
7f98e0000000-7f98e0001000 ---p 00000000 00:00 0 
7f98e0001000-7f98e0101000 rw-p 00000000 00:00 0 
7f98e0101000-7f98e0102000 ---p 00000000 00:00 0 
7f98e0102000-7f98e0202000 rw-p 00000000 00:00 0 
7f98e0202000-7f98e0203000 ---p 00000000 00:00 0 
7f98e0203000-7f98e0303000 rw-p 00000000 00:00 0 
7f98e0303000-7f98e0304000 ---p 00000000 00:00 0 
7f98e0304000-7f98e06b0000 rw-p 00000000 00:00 0 
7f98e06b0000-7f98e0804000 ---p 00000000 00:00 0 
7f98e0804000-7f98e0ab0000 rw-p 00000000 00:00 0 
7f98e0ab0000-7f98e0c04000 ---p 00000000 00:00 0 
7f98e0c04000-7f98e0e04000 rw-p 00000000 00:00 0 
7f98e0e04000-7f98e0e3a000 rw-p 00000000 00:00 0 
7f98e0e3a000-7f98e11c5000 ---p 00000000 00:00 0 
7f98e11c5000-7f98e11df000 r-xp 00000000 08:08 1092001                    /opt/android-studio/jre/jre/lib/amd64/libzip.so
7f98e11df000-7f98e13df000 ---p 0001a000 08:08 1092001                    /opt/android-studio/jre/jre/lib/amd64/libzip.so
7f98e13df000-7f98e13e0000 r--p 0001a000 08:08 1092001                    /opt/android-studio/jre/jre/lib/amd64/libzip.so
7f98e13e0000-7f98e13e1000 rw-p 0001b000 08:08 1092001                    /opt/android-studio/jre/jre/lib/amd64/libzip.so
7f98e13e1000-7f98e13eb000 r-xp 00000000 08:08 1707249                    /usr/lib/libnss_files-2.24.so
7f98e13eb000-7f98e15eb000 ---p 0000a000 08:08 1707249                    /usr/lib/libnss_files-2.24.so
7f98e15eb000-7f98e15ec000 r--p 0000a000 08:08 1707249                    /usr/lib/libnss_files-2.24.so
7f98e15ec000-7f98e15ed000 rw-p 0000b000 08:08 1707249                    /usr/lib/libnss_files-2.24.so
7f98e15ed000-7f98e15f3000 rw-p 00000000 00:00 0 
7f98e15f3000-7f98e15fe000 r-xp 00000000 08:08 1707252                    /usr/lib/libnss_nis-2.24.so
7f98e15fe000-7f98e17fd000 ---p 0000b000 08:08 1707252                    /usr/lib/libnss_nis-2.24.so
7f98e17fd000-7f98e17fe000 r--p 0000a000 08:08 1707252                    /usr/lib/libnss_nis-2.24.so
7f98e17fe000-7f98e17ff000 rw-p 0000b000 08:08 1707252                    /usr/lib/libnss_nis-2.24.so
7f98e17ff000-7f98e1813000 r-xp 00000000 08:08 1707256                    /usr/lib/libnsl-2.24.so
7f98e1813000-7f98e1a13000 ---p 00014000 08:08 1707256                    /usr/lib/libnsl-2.24.so
7f98e1a13000-7f98e1a14000 r--p 00014000 08:08 1707256                    /usr/lib/libnsl-2.24.so
7f98e1a14000-7f98e1a15000 rw-p 00015000 08:08 1707256                    /usr/lib/libnsl-2.24.so
7f98e1a15000-7f98e1a17000 rw-p 00000000 00:00 0 
7f98e1a17000-7f98e1a1e000 r-xp 00000000 08:08 1707240                    /usr/lib/libnss_compat-2.24.so
7f98e1a1e000-7f98e1c1d000 ---p 00007000 08:08 1707240                    /usr/lib/libnss_compat-2.24.so
7f98e1c1d000-7f98e1c1e000 r--p 00006000 08:08 1707240                    /usr/lib/libnss_compat-2.24.so
7f98e1c1e000-7f98e1c1f000 rw-p 00007000 08:08 1707240                    /usr/lib/libnss_compat-2.24.so
7f98e1c1f000-7f98e1c4c000 r-xp 00000000 08:08 1091991                    /opt/android-studio/jre/jre/lib/amd64/libjava.so
7f98e1c4c000-7f98e1e4b000 ---p 0002d000 08:08 1091991                    /opt/android-studio/jre/jre/lib/amd64/libjava.so
7f98e1e4b000-7f98e1e4c000 r--p 0002c000 08:08 1091991                    /opt/android-studio/jre/jre/lib/amd64/libjava.so
7f98e1e4c000-7f98e1e4e000 rw-p 0002d000 08:08 1091991                    /opt/android-studio/jre/jre/lib/amd64/libjava.so
7f98e1e4e000-7f98e1e5e000 r-xp 00000000 08:08 1091975                    /opt/android-studio/jre/jre/lib/amd64/libverify.so
7f98e1e5e000-7f98e205d000 ---p 00010000 08:08 1091975                    /opt/android-studio/jre/jre/lib/amd64/libverify.so
7f98e205d000-7f98e205f000 r--p 0000f000 08:08 1091975                    /opt/android-studio/jre/jre/lib/amd64/libverify.so
7f98e205f000-7f98e2060000 rw-p 00011000 08:08 1091975                    /opt/android-studio/jre/jre/lib/amd64/libverify.so
7f98e2060000-7f98e2067000 r-xp 00000000 08:08 1707258                    /usr/lib/librt-2.24.so
7f98e2067000-7f98e2266000 ---p 00007000 08:08 1707258                    /usr/lib/librt-2.24.so
7f98e2266000-7f98e2267000 r--p 00006000 08:08 1707258                    /usr/lib/librt-2.24.so
7f98e2267000-7f98e2268000 rw-p 00007000 08:08 1707258                    /usr/lib/librt-2.24.so
7f98e2268000-7f98e236b000 r-xp 00000000 08:08 1707255                    /usr/lib/libm-2.24.so
7f98e236b000-7f98e256a000 ---p 00103000 08:08 1707255                    /usr/lib/libm-2.24.so
7f98e256a000-7f98e256b000 r--p 00102000 08:08 1707255                    /usr/lib/libm-2.24.so
7f98e256b000-7f98e256c000 rw-p 00103000 08:08 1707255                    /usr/lib/libm-2.24.so
7f98e256c000-7f98e3152000 r-xp 00000000 08:08 1092009                    /opt/android-studio/jre/jre/lib/amd64/server/libjvm.so
7f98e3152000-7f98e3352000 ---p 00be6000 08:08 1092009                    /opt/android-studio/jre/jre/lib/amd64/server/libjvm.so
7f98e3352000-7f98e33f1000 r--p 00be6000 08:08 1092009                    /opt/android-studio/jre/jre/lib/amd64/server/libjvm.so
7f98e33f1000-7f98e341a000 rw-p 00c85000 08:08 1092009                    /opt/android-studio/jre/jre/lib/amd64/server/libjvm.so
7f98e341a000-7f98e345c000 rw-p 00000000 00:00 0 
7f98e345c000-7f98e3474000 r-xp 00000000 08:08 1707147                    /usr/lib/libpthread-2.24.so
7f98e3474000-7f98e3673000 ---p 00018000 08:08 1707147                    /usr/lib/libpthread-2.24.so
7f98e3673000-7f98e3674000 r--p 00017000 08:08 1707147                    /usr/lib/libpthread-2.24.so
7f98e3674000-7f98e3675000 rw-p 00018000 08:08 1707147                    /usr/lib/libpthread-2.24.so
7f98e3675000-7f98e3679000 rw-p 00000000 00:00 0 
7f98e3679000-7f98e367b000 r-xp 00000000 08:08 1707254                    /usr/lib/libdl-2.24.so
7f98e367b000-7f98e387b000 ---p 00002000 08:08 1707254                    /usr/lib/libdl-2.24.so
7f98e387b000-7f98e387c000 r--p 00002000 08:08 1707254                    /usr/lib/libdl-2.24.so
7f98e387c000-7f98e387d000 rw-p 00003000 08:08 1707254                    /usr/lib/libdl-2.24.so
7f98e387d000-7f98e3a12000 r-xp 00000000 08:08 1707173                    /usr/lib/libc-2.24.so
7f98e3a12000-7f98e3c11000 ---p 00195000 08:08 1707173                    /usr/lib/libc-2.24.so
7f98e3c11000-7f98e3c15000 r--p 00194000 08:08 1707173                    /usr/lib/libc-2.24.so
7f98e3c15000-7f98e3c17000 rw-p 00198000 08:08 1707173                    /usr/lib/libc-2.24.so
7f98e3c17000-7f98e3c1b000 rw-p 00000000 00:00 0 
7f98e3c1b000-7f98e3c31000 r-xp 00000000 08:08 1091875                    /opt/android-studio/jre/lib/amd64/jli/libjli.so
7f98e3c31000-7f98e3e30000 ---p 00016000 08:08 1091875                    /opt/android-studio/jre/lib/amd64/jli/libjli.so
7f98e3e30000-7f98e3e31000 r--p 00015000 08:08 1091875                    /opt/android-studio/jre/lib/amd64/jli/libjli.so
7f98e3e31000-7f98e3e32000 rw-p 00016000 08:08 1091875                    /opt/android-studio/jre/lib/amd64/jli/libjli.so
7f98e3e32000-7f98e3e55000 r-xp 00000000 08:08 1707172                    /usr/lib/ld-2.24.so
7f98e3e55000-7f98e3f0d000 rw-p 00000000 00:00 0 
7f98e3f0d000-7f98e3f10000 ---p 00000000 00:00 0 
7f98e3f10000-7f98e4010000 rw-p 00000000 00:00 0 
7f98e4012000-7f98e4020000 r--s 000e0000 08:08 1058099                    /opt/android-sdk/build-tools/25.0.0/lib/dx.jar
7f98e4020000-7f98e4048000 rw-p 00000000 00:00 0 
7f98e4048000-7f98e4050000 rw-s 00000000 00:26 3009257                    /tmp/hsperfdata_jairus/17859
7f98e4050000-7f98e4051000 rw-p 00000000 00:00 0 
7f98e4051000-7f98e4052000 ---p 00000000 00:00 0 
7f98e4052000-7f98e4054000 rw-p 00000000 00:00 0 
7f98e4054000-7f98e4055000 r--p 00022000 08:08 1707172                    /usr/lib/ld-2.24.so
7f98e4055000-7f98e4056000 rw-p 00023000 08:08 1707172                    /usr/lib/ld-2.24.so
7f98e4056000-7f98e4057000 rw-p 00000000 00:00 0 
7ffd3bc6b000-7ffd3bc8c000 rw-p 00000000 00:00 0                          [stack]
7ffd3bd5b000-7ffd3bd5d000 r--p 00000000 00:00 0                          [vvar]
7ffd3bd5d000-7ffd3bd5f000 r-xp 00000000 00:00 0                          [vdso]
ffffffffff600000-ffffffffff601000 r-xp 00000000 00:00 0                  [vsyscall]

VM Arguments:
jvm_args: -Djava.awt.headless=true -Xmx3g -Dfile.encoding=UTF-8 -Duser.country=US -Duser.language=en -Duser.variant 
java_command: com.android.dx.command.Main --dex --num-threads=4 --multi-dex --main-dex-list /home/jairus/AndroidStudioProjects/TeacherAICA/app/build/intermediates/multi-dex/debug/maindexlist.txt --output /home/jairus/AndroidStudioProjects/TeacherAICA/app/build/intermediates/transforms/dex/debug/folders/1000/1f/main /home/jairus/AndroidStudioProjects/TeacherAICA/app/build/intermediates/transforms/jarMerging/debug/jars/1/1f/combined.jar
java_class_path (initial): /opt/android-sdk/build-tools/25.0.0/lib/dx.jar
Launcher Type: SUN_STANDARD

Environment Variables:
PATH=/usr/local/bin:/usr/local/sbin:/usr/bin
USERNAME=jairus
LD_LIBRARY_PATH=/opt/android-studio/bin:
SHELL=/bin/zsh
DISPLAY=:0

Signal Handlers:
SIGSEGV: [libjvm.so+0x9daac0], sa_mask[0]=11111111011111111101111111111110, sa_flags=SA_RESTART|SA_SIGINFO
SIGBUS: [libjvm.so+0x9daac0], sa_mask[0]=11111111011111111101111111111110, sa_flags=SA_RESTART|SA_SIGINFO
SIGFPE: [libjvm.so+0x840d90], sa_mask[0]=11111111011111111101111111111110, sa_flags=SA_RESTART|SA_SIGINFO
SIGPIPE: [libjvm.so+0x840d90], sa_mask[0]=11111111011111111101111111111110, sa_flags=SA_RESTART|SA_SIGINFO
SIGXFSZ: [libjvm.so+0x840d90], sa_mask[0]=11111111011111111101111111111110, sa_flags=SA_RESTART|SA_SIGINFO
SIGILL: [libjvm.so+0x840d90], sa_mask[0]=11111111011111111101111111111110, sa_flags=SA_RESTART|SA_SIGINFO
SIGUSR1: SIG_DFL, sa_mask[0]=00000000000000000000000000000000, sa_flags=none
SIGUSR2: [libjvm.so+0x840c60], sa_mask[0]=00100000000000000000000000000000, sa_flags=SA_RESTART|SA_SIGINFO
SIGHUP: [libjvm.so+0x840e50], sa_mask[0]=11111111011111111101111111111110, sa_flags=SA_RESTART|SA_SIGINFO
SIGINT: [libjvm.so+0x840e50], sa_mask[0]=11111111011111111101111111111110, sa_flags=SA_RESTART|SA_SIGINFO
SIGTERM: [libjvm.so+0x840e50], sa_mask[0]=11111111011111111101111111111110, sa_flags=SA_RESTART|SA_SIGINFO
SIGQUIT: [libjvm.so+0x840e50], sa_mask[0]=11111111011111111101111111111110, sa_flags=SA_RESTART|SA_SIGINFO


---------------  S Y S T E M  ---------------

OS:LSB_VERSION=1.4
DISTRIB_ID=Arch
DISTRIB_RELEASE=rolling
DISTRIB_DESCRIPTION="Arch Linux"

uname:Linux 4.8.13-1-ARCH #1 SMP PREEMPT Fri Dec 9 07:24:34 CET 2016 x86_64
libc:glibc 2.24 NPTL 2.24 
rlimit: STACK 8192k, CORE infinity, NPROC 23360, NOFILE 4096, AS infinity
load average:18.59 13.08 6.41

/proc/meminfo:
MemTotal:        6045628 kB
MemFree:           96504 kB
MemAvailable:      40132 kB
Buffers:            6960 kB
Cached:           194620 kB
SwapCached:        25136 kB
Active:          4977560 kB
Inactive:         748844 kB
Active(anon):    4925932 kB
Inactive(anon):   701928 kB
Active(file):      51628 kB
Inactive(file):    46916 kB
Unevictable:          16 kB
Mlocked:              16 kB
SwapTotal:       2097148 kB
SwapFree:           3516 kB
Dirty:               464 kB
Writeback:         10932 kB
AnonPages:       5500044 kB
Mapped:           103460 kB
Shmem:            102940 kB
Slab:              95192 kB
SReclaimable:      50332 kB
SUnreclaim:        44860 kB
KernelStack:       10928 kB
PageTables:        47932 kB
NFS_Unstable:          0 kB
Bounce:                0 kB
WritebackTmp:          0 kB
CommitLimit:     5119960 kB
Committed_AS:   11410236 kB
VmallocTotal:   34359738367 kB
VmallocUsed:           0 kB
VmallocChunk:          0 kB
HardwareCorrupted:     0 kB
AnonHugePages:   1323008 kB
ShmemHugePages:        0 kB
ShmemPmdMapped:        0 kB
HugePages_Total:       0
HugePages_Free:        0
HugePages_Rsvd:        0
HugePages_Surp:        0
Hugepagesize:       2048 kB
DirectMap4k:      174400 kB
DirectMap2M:     6047744 kB
DirectMap1G:     1048576 kB


CPU:total 4 (2 cores per cpu, 2 threads per core) family 6 model 69 stepping 1, cmov, cx8, fxsr, mmx, sse, sse2, sse3, ssse3, sse4.1, sse4.2, popcnt, avx, avx2, aes, clmul, erms, lzcnt, ht, tsc, tscinvbit, bmi1, bmi2

/proc/cpuinfo:
processor	: 0
vendor_id	: GenuineIntel
cpu family	: 6
model		: 69
model name	: Intel(R) Core(TM) i3-4030U CPU @ 1.90GHz
stepping	: 1
microcode	: 0x1c
cpu MHz		: 1893.969
cache size	: 3072 KB
physical id	: 0
siblings	: 4
core id		: 0
cpu cores	: 2
apicid		: 0
initial apicid	: 0
fpu		: yes
fpu_exception	: yes
cpuid level	: 13
wp		: yes
flags		: fpu vme de pse tsc msr pae mce cx8 apic sep mtrr pge mca cmov pat pse36 clflush dts acpi mmx fxsr sse sse2 ss ht tm pbe syscall nx pdpe1gb rdtscp lm constant_tsc arch_perfmon pebs bts rep_good nopl xtopology nonstop_tsc aperfmperf eagerfpu pni pclmulqdq dtes64 monitor ds_cpl vmx est tm2 ssse3 sdbg fma cx16 xtpr pdcm pcid sse4_1 sse4_2 x2apic movbe popcnt tsc_deadline_timer aes xsave avx f16c rdrand lahf_lm abm epb tpr_shadow vnmi flexpriority ept vpid fsgsbase tsc_adjust bmi1 avx2 smep bmi2 erms invpcid xsaveopt dtherm ida arat pln pts
bugs		:
bogomips	: 3792.10
clflush size	: 64
cache_alignment	: 64
address sizes	: 39 bits physical, 48 bits virtual
power management:

processor	: 1
vendor_id	: GenuineIntel
cpu family	: 6
model		: 69
model name	: Intel(R) Core(TM) i3-4030U CPU @ 1.90GHz
stepping	: 1
microcode	: 0x1c
cpu MHz		: 1899.884
cache size	: 3072 KB
physical id	: 0
siblings	: 4
core id		: 0
cpu cores	: 2
apicid		: 1
initial apicid	: 1
fpu		: yes
fpu_exception	: yes
cpuid level	: 13
wp		: yes
flags		: fpu vme de pse tsc msr pae mce cx8 apic sep mtrr pge mca cmov pat pse36 clflush dts acpi mmx fxsr sse sse2 ss ht tm pbe syscall nx pdpe1gb rdtscp lm constant_tsc arch_perfmon pebs bts rep_good nopl xtopology nonstop_tsc aperfmperf eagerfpu pni pclmulqdq dtes64 monitor ds_cpl vmx est tm2 ssse3 sdbg fma cx16 xtpr pdcm pcid sse4_1 sse4_2 x2apic movbe popcnt tsc_deadline_timer aes xsave avx f16c rdrand lahf_lm abm epb tpr_shadow vnmi flexpriority ept vpid fsgsbase tsc_adjust bmi1 avx2 smep bmi2 erms invpcid xsaveopt dtherm ida arat pln pts
bugs		:
bogomips	: 3794.03
clflush size	: 64
cache_alignment	: 64
address sizes	: 39 bits physical, 48 bits virtual
power management:

processor	: 2
vendor_id	: GenuineIntel
cpu family	: 6
model		: 69
model name	: Intel(R) Core(TM) i3-4030U CPU @ 1.90GHz
stepping	: 1
microcode	: 0x1c
cpu MHz		: 1896.520
cache size	: 3072 KB
physical id	: 0
siblings	: 4
core id		: 1
cpu cores	: 2
apicid		: 2
initial apicid	: 2
fpu		: yes
fpu_exception	: yes
cpuid level	: 13
wp		: yes
flags		: fpu vme de pse tsc msr pae mce cx8 apic sep mtrr pge mca cmov pat pse36 clflush dts acpi mmx fxsr sse sse2 ss ht tm pbe syscall nx pdpe1gb rdtscp lm constant_tsc arch_perfmon pebs bts rep_good nopl xtopology nonstop_tsc aperfmperf eagerfpu pni pclmulqdq dtes64 monitor ds_cpl vmx est tm2 ssse3 sdbg fma cx16 xtpr pdcm pcid sse4_1 sse4_2 x2apic movbe popcnt tsc_deadline_timer aes xsave avx f16c rdrand lahf_lm abm epb tpr_shadow vnmi flexpriority ept vpid fsgsbase tsc_adjust bmi1 avx2 smep bmi2 erms invpcid xsaveopt dtherm ida arat pln pts
bugs		:
bogomips	: 3794.57
clflush size	: 64
cache_alignment	: 64
address sizes	: 39 bits physical, 48 bits virtual
power management:

processor	: 3
vendor_id	: GenuineIntel
cpu family	: 6
model		: 69
model name	: Intel(R) Core(TM) i3-4030U CPU @ 1.90GHz
stepping	: 1
microcode	: 0x1c
cpu MHz		: 1903.363
cache size	: 3072 KB
physical id	: 0
siblings	: 4
core id		: 1
cpu cores	: 2
apicid		: 3
initial apicid	: 3
fpu		: yes
fpu_exception	: yes
cpuid level	: 13
wp		: yes
flags		: fpu vme de pse tsc msr pae mce cx8 apic sep mtrr pge mca cmov pat pse36 clflush dts acpi mmx fxsr sse sse2 ss ht tm pbe syscall nx pdpe1gb rdtscp lm constant_tsc arch_perfmon pebs bts rep_good nopl xtopology nonstop_tsc aperfmperf eagerfpu pni pclmulqdq dtes64 monitor ds_cpl vmx est tm2 ssse3 sdbg fma cx16 xtpr pdcm pcid sse4_1 sse4_2 x2apic movbe popcnt tsc_deadline_timer aes xsave avx f16c rdrand lahf_lm abm epb tpr_shadow vnmi flexpriority ept vpid fsgsbase tsc_adjust bmi1 avx2 smep bmi2 erms invpcid xsaveopt dtherm ida arat pln pts
bugs		:
bogomips	: 3794.62
clflush size	: 64
cache_alignment	: 64
address sizes	: 39 bits physical, 48 bits virtual
power management:



Memory: 4k page, physical 6045628k(96504k free), swap 2097148k(3516k free)

vm_info: OpenJDK 64-Bit Server VM (25.76-b03) for linux-amd64 JRE (1.8.0_76-release-b03), built on Jun 29 2016 09:39:19 by "builder" with gcc 4.8.4

time: Wed Jan  4 08:14:37 2017
elapsed time: 426 seconds (0d 0h 7m 6s)

